TN:
SF:accordion.js
FN:6,(anonymous_0)
FN:8,(anonymous_1)
FN:13,(anonymous_2)
FN:14,(anonymous_3)
FN:18,(anonymous_4)
FN:19,(anonymous_5)
FN:29,(anonymous_6)
FN:45,initAccordions
FN:53,(anonymous_8)
FN:60,(anonymous_9)
FN:61,(anonymous_10)
FN:76,closeAllAccordions
FN:77,(anonymous_12)
FN:97,handleAccordionClick
FN:106,(anonymous_14)
FN:124,(anonymous_15)
FN:165,(anonymous_16)
FNF:17
FNH:0
FNDA:0,(anonymous_0)
FNDA:0,(anonymous_1)
FNDA:0,(anonymous_2)
FNDA:0,(anonymous_3)
FNDA:0,(anonymous_4)
FNDA:0,(anonymous_5)
FNDA:0,(anonymous_6)
FNDA:0,initAccordions
FNDA:0,(anonymous_8)
FNDA:0,(anonymous_9)
FNDA:0,(anonymous_10)
FNDA:0,closeAllAccordions
FNDA:0,(anonymous_12)
FNDA:0,handleAccordionClick
FNDA:0,(anonymous_14)
FNDA:0,(anonymous_15)
FNDA:0,(anonymous_16)
DA:6,0
DA:8,0
DA:9,0
DA:10,0
DA:13,0
DA:14,0
DA:18,0
DA:19,0
DA:20,0
DA:25,0
DA:26,0
DA:27,0
DA:29,0
DA:30,0
DA:31,0
DA:34,0
DA:35,0
DA:46,0
DA:49,0
DA:52,0
DA:53,0
DA:55,0
DA:56,0
DA:60,0
DA:61,0
DA:62,0
DA:63,0
DA:66,0
DA:67,0
DA:77,0
DA:78,0
DA:79,0
DA:81,0
DA:82,0
DA:83,0
DA:86,0
DA:87,0
DA:88,0
DA:99,0
DA:100,0
DA:101,0
DA:102,0
DA:105,0
DA:106,0
DA:107,0
DA:108,0
DA:109,0
DA:111,0
DA:112,0
DA:113,0
DA:116,0
DA:117,0
DA:118,0
DA:124,0
DA:125,0
DA:126,0
DA:127,0
DA:129,0
DA:130,0
DA:131,0
DA:134,0
DA:135,0
DA:136,0
DA:143,0
DA:146,0
DA:147,0
DA:148,0
DA:154,0
DA:155,0
DA:157,0
DA:158,0
DA:161,0
DA:162,0
DA:165,0
DA:166,0
DA:167,0
DA:168,0
LF:77
LH:0
BRDA:26,0,0,0
BRDA:26,0,1,0
BRDA:34,1,0,0
BRDA:34,1,1,0
BRDA:66,2,0,0
BRDA:66,2,1,0
BRDA:82,3,0,0
BRDA:82,3,1,0
BRDA:86,4,0,0
BRDA:86,4,1,0
BRDA:86,5,0,0
BRDA:86,5,1,0
BRDA:105,6,0,0
BRDA:105,6,1,0
BRDA:107,7,0,0
BRDA:107,7,1,0
BRDA:112,8,0,0
BRDA:112,8,1,0
BRDA:116,9,0,0
BRDA:116,9,1,0
BRDA:116,10,0,0
BRDA:116,10,1,0
BRDA:125,11,0,0
BRDA:125,11,1,0
BRDA:130,12,0,0
BRDA:130,12,1,0
BRDA:134,13,0,0
BRDA:134,13,1,0
BRDA:134,14,0,0
BRDA:134,14,1,0
BRDA:147,15,0,0
BRDA:147,15,1,0
BRDA:148,16,0,0
BRDA:148,16,1,0
BRDA:154,17,0,0
BRDA:154,17,1,0
BRDA:154,18,0,0
BRDA:154,18,1,0
BRDA:155,19,0,0
BRDA:155,19,1,0
BRDA:167,20,0,0
BRDA:167,20,1,0
BRF:42
BRH:0
end_of_record
TN:
SF:admin.js
FN:2,getSupabaseClient
FN:6,waitForSupabase
FN:7,(anonymous_2)
FN:11,(anonymous_3)
FN:25,(anonymous_4)
FN:35,checkAuth
FN:70,loadUsers
FN:91,renderUsers
FN:95,(anonymous_8)
FN:137,loadActiveSessions
FN:153,(anonymous_10)
FN:170,renderActiveSessions
FN:174,(anonymous_12)
FN:192,loadAdminActions
FN:214,renderAdminActions
FN:218,(anonymous_15)
FN:232,pauseUser
FN:234,(anonymous_17)
FN:262,blockUser
FN:269,(anonymous_19)
FN:297,unblockUser
FN:299,(anonymous_21)
FN:328,forceLogout
FN:334,(anonymous_23)
FN:348,terminateSession
FN:354,(anonymous_25)
FN:368,deleteUser
FN:382,(anonymous_27)
FN:403,setupEventListeners
FN:411,(anonymous_29)
FN:422,renderFilteredUsers
FN:426,(anonymous_31)
FN:459,showAlert
FN:476,(anonymous_33)
FN:484,(anonymous_34)
FN:489,(anonymous_35)
FN:503,loadGroups
FN:522,(anonymous_37)
FN:525,(anonymous_38)
FN:527,(anonymous_39)
FN:542,loadShortcuts
FN:579,renderGroups
FN:592,(anonymous_42)
FN:614,renderShortcuts
FN:627,(anonymous_44)
FN:657,updateGroupSelects
FN:660,(anonymous_46)
FN:674,(anonymous_47)
FN:684,showGroupModal
FN:692,(anonymous_49)
FN:708,saveGroup
FN:763,deleteGroup
FN:794,showShortcutModal
FN:803,(anonymous_53)
FN:823,saveShortcut
FN:869,deleteShortcut
FN:870,(anonymous_56)
FN:900,setupShortcutEventListeners
FN:904,(anonymous_58)
FN:910,(anonymous_59)
FN:928,(anonymous_60)
FN:937,(anonymous_61)
FN:953,(anonymous_62)
FN:955,(anonymous_63)
FN:959,(anonymous_64)
FN:965,(anonymous_65)
FN:972,(anonymous_66)
FN:973,(anonymous_67)
FN:987,(anonymous_68)
FN:999,(anonymous_69)
FN:1006,(anonymous_70)
FN:1040,(anonymous_71)
FNF:72
FNH:0
FNDA:0,getSupabaseClient
FNDA:0,waitForSupabase
FNDA:0,(anonymous_2)
FNDA:0,(anonymous_3)
FNDA:0,(anonymous_4)
FNDA:0,checkAuth
FNDA:0,loadUsers
FNDA:0,renderUsers
FNDA:0,(anonymous_8)
FNDA:0,loadActiveSessions
FNDA:0,(anonymous_10)
FNDA:0,renderActiveSessions
FNDA:0,(anonymous_12)
FNDA:0,loadAdminActions
FNDA:0,renderAdminActions
FNDA:0,(anonymous_15)
FNDA:0,pauseUser
FNDA:0,(anonymous_17)
FNDA:0,blockUser
FNDA:0,(anonymous_19)
FNDA:0,unblockUser
FNDA:0,(anonymous_21)
FNDA:0,forceLogout
FNDA:0,(anonymous_23)
FNDA:0,terminateSession
FNDA:0,(anonymous_25)
FNDA:0,deleteUser
FNDA:0,(anonymous_27)
FNDA:0,setupEventListeners
FNDA:0,(anonymous_29)
FNDA:0,renderFilteredUsers
FNDA:0,(anonymous_31)
FNDA:0,showAlert
FNDA:0,(anonymous_33)
FNDA:0,(anonymous_34)
FNDA:0,(anonymous_35)
FNDA:0,loadGroups
FNDA:0,(anonymous_37)
FNDA:0,(anonymous_38)
FNDA:0,(anonymous_39)
FNDA:0,loadShortcuts
FNDA:0,renderGroups
FNDA:0,(anonymous_42)
FNDA:0,renderShortcuts
FNDA:0,(anonymous_44)
FNDA:0,updateGroupSelects
FNDA:0,(anonymous_46)
FNDA:0,(anonymous_47)
FNDA:0,showGroupModal
FNDA:0,(anonymous_49)
FNDA:0,saveGroup
FNDA:0,deleteGroup
FNDA:0,showShortcutModal
FNDA:0,(anonymous_53)
FNDA:0,saveShortcut
FNDA:0,deleteShortcut
FNDA:0,(anonymous_56)
FNDA:0,setupShortcutEventListeners
FNDA:0,(anonymous_58)
FNDA:0,(anonymous_59)
FNDA:0,(anonymous_60)
FNDA:0,(anonymous_61)
FNDA:0,(anonymous_62)
FNDA:0,(anonymous_63)
FNDA:0,(anonymous_64)
FNDA:0,(anonymous_65)
FNDA:0,(anonymous_66)
FNDA:0,(anonymous_67)
FNDA:0,(anonymous_68)
FNDA:0,(anonymous_69)
FNDA:0,(anonymous_70)
FNDA:0,(anonymous_71)
DA:3,0
DA:7,0
DA:8,0
DA:9,0
DA:11,0
DA:12,0
DA:19,0
DA:20,0
DA:21,0
DA:22,0
DA:25,0
DA:26,0
DA:27,0
DA:28,0
DA:29,0
DA:30,0
DA:31,0
DA:36,0
DA:37,0
DA:41,0
DA:43,0
DA:44,0
DA:45,0
DA:49,0
DA:55,0
DA:56,0
DA:57,0
DA:58,0
DA:61,0
DA:64,0
DA:65,0
DA:71,0
DA:72,0
DA:73,0
DA:78,0
DA:79,0
DA:82,0
DA:83,0
DA:85,0
DA:86,0
DA:92,0
DA:93,0
DA:95,0
DA:96,0
DA:99,0
DA:100,0
DA:101,0
DA:102,0
DA:103,0
DA:107,0
DA:109,0
DA:132,0
DA:138,0
DA:139,0
DA:141,0
DA:148,0
DA:149,0
DA:153,0
DA:162,0
DA:164,0
DA:165,0
DA:171,0
DA:172,0
DA:174,0
DA:175,0
DA:176,0
DA:187,0
DA:193,0
DA:195,0
DA:206,0
DA:208,0
DA:209,0
DA:215,0
DA:216,0
DA:218,0
DA:219,0
DA:220,0
DA:227,0
DA:233,0
DA:234,0
DA:235,0
DA:236,0
DA:240,0
DA:244,0
DA:249,0
DA:250,0
DA:253,0
DA:254,0
DA:256,0
DA:257,0
DA:263,0
DA:264,0
DA:265,0
DA:268,0
DA:269,0
DA:270,0
DA:271,0
DA:275,0
DA:279,0
DA:284,0
DA:285,0
DA:288,0
DA:289,0
DA:291,0
DA:292,0
DA:298,0
DA:299,0
DA:300,0
DA:301,0
DA:304,0
DA:305,0
DA:310,0
DA:315,0
DA:316,0
DA:319,0
DA:320,0
DA:322,0
DA:323,0
DA:329,0
DA:330,0
DA:333,0
DA:334,0
DA:335,0
DA:336,0
DA:339,0
DA:340,0
DA:342,0
DA:343,0
DA:349,0
DA:350,0
DA:353,0
DA:354,0
DA:355,0
DA:356,0
DA:359,0
DA:360,0
DA:362,0
DA:363,0
DA:369,0
DA:370,0
DA:371,0
DA:372,0
DA:375,0
DA:378,0
DA:381,0
DA:382,0
DA:383,0
DA:384,0
DA:388,0
DA:390,0
DA:391,0
DA:394,0
DA:395,0
DA:397,0
DA:398,0
DA:407,0
DA:411,0
DA:412,0
DA:413,0
DA:414,0
DA:415,0
DA:423,0
DA:424,0
DA:426,0
DA:427,0
DA:429,0
DA:431,0
DA:454,0
DA:460,0
DA:461,0
DA:462,0
DA:463,0
DA:466,0
DA:467,0
DA:468,0
DA:473,0
DA:476,0
DA:477,0
DA:478,0
DA:484,0
DA:485,0
DA:489,0
DA:490,0
DA:491,0
DA:493,0
DA:499,0
DA:500,0
DA:504,0
DA:505,0
DA:506,0
DA:507,0
DA:508,0
DA:509,0
DA:512,0
DA:514,0
DA:515,0
DA:516,0
DA:519,0
DA:522,0
DA:523,0
DA:525,0
DA:527,0
DA:532,0
DA:533,0
DA:534,0
DA:536,0
DA:537,0
DA:543,0
DA:547,0
DA:548,0
DA:549,0
DA:550,0
DA:551,0
DA:554,0
DA:556,0
DA:557,0
DA:558,0
DA:561,0
DA:563,0
DA:564,0
DA:565,0
DA:568,0
DA:569,0
DA:570,0
DA:571,0
DA:573,0
DA:574,0
DA:580,0
DA:581,0
DA:582,0
DA:585,0
DA:586,0
DA:587,0
DA:590,0
DA:592,0
DA:615,0
DA:616,0
DA:617,0
DA:620,0
DA:621,0
DA:622,0
DA:625,0
DA:627,0
DA:658,0
DA:660,0
DA:661,0
DA:662,0
DA:663,0
DA:667,0
DA:668,0
DA:669,0
DA:670,0
DA:674,0
DA:675,0
DA:676,0
DA:677,0
DA:678,0
DA:685,0
DA:686,0
DA:687,0
DA:689,0
DA:691,0
DA:692,0
DA:693,0
DA:694,0
DA:695,0
DA:696,0
DA:697,0
DA:698,0
DA:701,0
DA:704,0
DA:709,0
DA:710,0
DA:711,0
DA:712,0
DA:715,0
DA:716,0
DA:717,0
DA:718,0
DA:720,0
DA:721,0
DA:722,0
DA:723,0
DA:726,0
DA:728,0
DA:733,0
DA:734,0
DA:736,0
DA:739,0
DA:745,0
DA:746,0
DA:747,0
DA:750,0
DA:753,0
DA:754,0
DA:755,0
DA:757,0
DA:758,0
DA:764,0
DA:769,0
DA:772,0
DA:773,0
DA:774,0
DA:775,0
DA:778,0
DA:780,0
DA:781,0
DA:784,0
DA:785,0
DA:786,0
DA:788,0
DA:789,0
DA:795,0
DA:796,0
DA:797,0
DA:799,0
DA:800,0
DA:802,0
DA:803,0
DA:804,0
DA:805,0
DA:806,0
DA:807,0
DA:808,0
DA:809,0
DA:810,0
DA:811,0
DA:812,0
DA:813,0
DA:816,0
DA:819,0
DA:824,0
DA:825,0
DA:826,0
DA:827,0
DA:830,0
DA:831,0
DA:841,0
DA:842,0
DA:843,0
DA:844,0
DA:848,0
DA:849,0
DA:851,0
DA:854,0
DA:855,0
DA:858,0
DA:859,0
DA:860,0
DA:861,0
DA:863,0
DA:864,0
DA:870,0
DA:871,0
DA:872,0
DA:875,0
DA:876,0
DA:879,0
DA:880,0
DA:881,0
DA:882,0
DA:885,0
DA:887,0
DA:888,0
DA:891,0
DA:892,0
DA:894,0
DA:895,0
DA:902,0
DA:903,0
DA:904,0
DA:908,0
DA:909,0
DA:910,0
DA:914,0
DA:915,0
DA:916,0
DA:920,0
DA:921,0
DA:922,0
DA:926,0
DA:927,0
DA:928,0
DA:929,0
DA:934,0
DA:935,0
DA:936,0
DA:937,0
DA:938,0
DA:940,0
DA:946,0
DA:953,0
DA:954,0
DA:955,0
DA:956,0
DA:959,0
DA:960,0
DA:963,0
DA:964,0
DA:965,0
DA:966,0
DA:967,0
DA:968,0
DA:972,0
DA:973,0
DA:974,0
DA:975,0
DA:976,0
DA:977,0
DA:984,0
DA:985,0
DA:987,0
DA:989,0
DA:990,0
DA:991,0
DA:992,0
DA:999,0
DA:1000,0
DA:1001,0
DA:1002,0
DA:1006,0
DA:1007,0
DA:1008,0
DA:1010,0
DA:1011,0
DA:1012,0
DA:1015,0
DA:1018,0
DA:1023,0
DA:1024,0
DA:1025,0
DA:1028,0
DA:1029,0
DA:1030,0
DA:1032,0
DA:1034,0
DA:1035,0
DA:1040,0
DA:1041,0
DA:1042,0
LF:440
LH:0
BRDA:8,0,0,0
BRDA:8,0,1,0
BRDA:43,1,0,0
BRDA:43,1,1,0
BRDA:43,2,0,0
BRDA:43,2,1,0
BRDA:55,3,0,0
BRDA:55,3,1,0
BRDA:55,4,0,0
BRDA:55,4,1,0
BRDA:78,5,0,0
BRDA:78,5,1,0
BRDA:100,6,0,0
BRDA:100,6,1,0
BRDA:100,7,0,0
BRDA:100,7,1,0
BRDA:102,8,0,0
BRDA:102,8,1,0
BRDA:102,9,0,0
BRDA:102,9,1,0
BRDA:107,10,0,0
BRDA:107,10,1,0
BRDA:107,11,0,0
BRDA:107,11,1,0
BRDA:111,12,0,0
BRDA:111,12,1,0
BRDA:112,13,0,0
BRDA:112,13,1,0
BRDA:115,14,0,0
BRDA:115,14,1,0
BRDA:119,15,0,0
BRDA:119,15,1,0
BRDA:122,16,0,0
BRDA:122,16,1,0
BRDA:128,17,0,0
BRDA:128,17,1,0
BRDA:148,18,0,0
BRDA:148,18,1,0
BRDA:177,19,0,0
BRDA:177,19,1,0
BRDA:178,20,0,0
BRDA:178,20,1,0
BRDA:179,21,0,0
BRDA:179,21,1,0
BRDA:180,22,0,0
BRDA:180,22,1,0
BRDA:199,23,0,0
BRDA:199,23,1,0
BRDA:222,24,0,0
BRDA:222,24,1,0
BRDA:224,25,0,0
BRDA:224,25,1,0
BRDA:225,26,0,0
BRDA:225,26,1,0
BRDA:235,27,0,0
BRDA:235,27,1,0
BRDA:240,28,0,0
BRDA:240,28,1,0
BRDA:240,29,0,0
BRDA:240,29,1,0
BRDA:242,30,0,0
BRDA:242,30,1,0
BRDA:249,31,0,0
BRDA:249,31,1,0
BRDA:264,32,0,0
BRDA:264,32,1,0
BRDA:270,33,0,0
BRDA:270,33,1,0
BRDA:275,34,0,0
BRDA:275,34,1,0
BRDA:275,35,0,0
BRDA:275,35,1,0
BRDA:277,36,0,0
BRDA:277,36,1,0
BRDA:284,37,0,0
BRDA:284,37,1,0
BRDA:300,38,0,0
BRDA:300,38,1,0
BRDA:304,39,0,0
BRDA:304,39,1,0
BRDA:315,40,0,0
BRDA:315,40,1,0
BRDA:329,41,0,0
BRDA:329,41,1,0
BRDA:335,42,0,0
BRDA:335,42,1,0
BRDA:349,43,0,0
BRDA:349,43,1,0
BRDA:355,44,0,0
BRDA:355,44,1,0
BRDA:370,45,0,0
BRDA:370,45,1,0
BRDA:375,46,0,0
BRDA:375,46,1,0
BRDA:383,47,0,0
BRDA:383,47,1,0
BRDA:390,48,0,0
BRDA:390,48,1,0
BRDA:429,49,0,0
BRDA:429,49,1,0
BRDA:429,50,0,0
BRDA:429,50,1,0
BRDA:433,51,0,0
BRDA:433,51,1,0
BRDA:434,52,0,0
BRDA:434,52,1,0
BRDA:436,53,0,0
BRDA:436,53,1,0
BRDA:436,54,0,0
BRDA:436,54,1,0
BRDA:437,55,0,0
BRDA:437,55,1,0
BRDA:441,56,0,0
BRDA:441,56,1,0
BRDA:444,57,0,0
BRDA:444,57,1,0
BRDA:450,58,0,0
BRDA:450,58,1,0
BRDA:459,59,0,0
BRDA:461,60,0,0
BRDA:461,60,1,0
BRDA:477,61,0,0
BRDA:477,61,1,0
BRDA:507,62,0,0
BRDA:507,62,1,0
BRDA:514,63,0,0
BRDA:514,63,1,0
BRDA:542,64,0,0
BRDA:545,65,0,0
BRDA:545,65,1,0
BRDA:549,66,0,0
BRDA:549,66,1,0
BRDA:556,67,0,0
BRDA:556,67,1,0
BRDA:563,68,0,0
BRDA:563,68,1,0
BRDA:569,69,0,0
BRDA:569,69,1,0
BRDA:581,70,0,0
BRDA:581,70,1,0
BRDA:585,71,0,0
BRDA:585,71,1,0
BRDA:616,72,0,0
BRDA:616,72,1,0
BRDA:620,73,0,0
BRDA:620,73,1,0
BRDA:631,74,0,0
BRDA:631,74,1,0
BRDA:634,75,0,0
BRDA:634,75,1,0
BRDA:662,76,0,0
BRDA:662,76,1,0
BRDA:669,77,0,0
BRDA:669,77,1,0
BRDA:684,78,0,0
BRDA:691,79,0,0
BRDA:691,79,1,0
BRDA:693,80,0,0
BRDA:693,80,1,0
BRDA:710,81,0,0
BRDA:710,81,1,0
BRDA:718,82,0,0
BRDA:718,82,1,0
BRDA:722,83,0,0
BRDA:722,83,1,0
BRDA:726,84,0,0
BRDA:726,84,1,0
BRDA:733,85,0,0
BRDA:733,85,1,0
BRDA:745,86,0,0
BRDA:745,86,1,0
BRDA:745,87,0,0
BRDA:745,87,1,0
BRDA:764,88,0,0
BRDA:764,88,1,0
BRDA:774,89,0,0
BRDA:774,89,1,0
BRDA:780,90,0,0
BRDA:780,90,1,0
BRDA:794,91,0,0
BRDA:802,92,0,0
BRDA:802,92,1,0
BRDA:804,93,0,0
BRDA:804,93,1,0
BRDA:809,94,0,0
BRDA:809,94,1,0
BRDA:811,95,0,0
BRDA:811,95,1,0
BRDA:812,96,0,0
BRDA:812,96,1,0
BRDA:825,97,0,0
BRDA:825,97,1,0
BRDA:834,98,0,0
BRDA:834,98,1,0
BRDA:836,99,0,0
BRDA:836,99,1,0
BRDA:837,100,0,0
BRDA:837,100,1,0
BRDA:843,101,0,0
BRDA:843,101,1,0
BRDA:848,102,0,0
BRDA:848,102,1,0
BRDA:854,103,0,0
BRDA:854,103,1,0
BRDA:858,104,0,0
BRDA:858,104,1,0
BRDA:871,105,0,0
BRDA:871,105,1,0
BRDA:875,106,0,0
BRDA:875,106,1,0
BRDA:881,107,0,0
BRDA:881,107,1,0
BRDA:887,108,0,0
BRDA:887,108,1,0
BRDA:903,109,0,0
BRDA:903,109,1,0
BRDA:909,110,0,0
BRDA:909,110,1,0
BRDA:915,111,0,0
BRDA:915,111,1,0
BRDA:921,112,0,0
BRDA:921,112,1,0
BRDA:927,113,0,0
BRDA:927,113,1,0
BRDA:936,114,0,0
BRDA:936,114,1,0
BRDA:936,115,0,0
BRDA:936,115,1,0
BRDA:938,116,0,0
BRDA:938,116,1,0
BRDA:964,117,0,0
BRDA:964,117,1,0
BRDA:974,118,0,0
BRDA:974,118,1,0
BRDA:984,119,0,0
BRDA:984,119,1,0
BRDA:990,120,0,0
BRDA:990,120,1,0
BRDA:990,121,0,0
BRDA:990,121,1,0
BRDA:1010,122,0,0
BRDA:1010,122,1,0
BRDA:1023,123,0,0
BRDA:1023,123,1,0
BRDA:1041,124,0,0
BRDA:1041,124,1,0
BRF:246
BRH:0
end_of_record
TN:
SF:aniversario-animation.js
FN:2,(anonymous_0)
FN:4,celebrarAniversariante
FN:22,(anonymous_2)
FN:33,(anonymous_3)
FN:60,(anonymous_4)
FN:111,(anonymous_5)
FN:113,(anonymous_6)
FN:129,playPartySound
FN:136,(anonymous_8)
FN:143,observarAniversariantesDoDia
FN:145,(anonymous_10)
FN:146,(anonymous_11)
FN:149,(anonymous_12)
FN:166,(anonymous_13)
FN:186,(anonymous_14)
FN:197,(anonymous_15)
FNF:16
FNH:0
FNDA:0,(anonymous_0)
FNDA:0,celebrarAniversariante
FNDA:0,(anonymous_2)
FNDA:0,(anonymous_3)
FNDA:0,(anonymous_4)
FNDA:0,(anonymous_5)
FNDA:0,(anonymous_6)
FNDA:0,playPartySound
FNDA:0,(anonymous_8)
FNDA:0,observarAniversariantesDoDia
FNDA:0,(anonymous_10)
FNDA:0,(anonymous_11)
FNDA:0,(anonymous_12)
FNDA:0,(anonymous_13)
FNDA:0,(anonymous_14)
FNDA:0,(anonymous_15)
DA:2,0
DA:5,0
DA:8,0
DA:10,0
DA:19,0
DA:22,0
DA:23,0
DA:31,0
DA:33,0
DA:35,0
DA:47,0
DA:60,0
DA:61,0
DA:72,0
DA:73,0
DA:76,0
DA:77,0
DA:97,0
DA:107,0
DA:110,0
DA:112,0
DA:113,0
DA:114,0
DA:115,0
DA:123,0
DA:124,0
DA:130,0
DA:132,0
DA:134,0
DA:135,0
DA:136,0
DA:138,0
DA:145,0
DA:146,0
DA:147,0
DA:149,0
DA:150,0
DA:152,0
DA:153,0
DA:154,0
DA:157,0
DA:159,0
DA:162,0
DA:165,0
DA:166,0
DA:167,0
DA:168,0
DA:169,0
DA:170,0
DA:171,0
DA:176,0
DA:177,0
DA:180,0
DA:186,0
DA:187,0
DA:188,0
DA:191,0
DA:194,0
DA:195,0
DA:196,0
DA:197,0
DA:198,0
DA:210,0
DA:211,0
DA:212,0
DA:217,0
LF:66
LH:0
BRDA:4,0,0,0
BRDA:8,1,0,0
BRDA:8,1,1,0
BRDA:11,2,0,0
BRDA:11,2,1,0
BRDA:12,3,0,0
BRDA:12,3,1,0
BRDA:25,4,0,0
BRDA:25,4,1,0
BRDA:31,5,0,0
BRDA:31,5,1,0
BRDA:76,6,0,0
BRDA:76,6,1,0
BRDA:114,7,0,0
BRDA:114,7,1,0
BRDA:119,8,0,0
BRDA:119,8,1,0
BRDA:123,9,0,0
BRDA:123,9,1,0
BRDA:147,10,0,0
BRDA:147,10,1,0
BRDA:147,11,0,0
BRDA:147,11,1,0
BRDA:150,12,0,0
BRDA:150,12,1,0
BRDA:150,13,0,0
BRDA:150,13,1,0
BRDA:153,14,0,0
BRDA:153,14,1,0
BRDA:157,15,0,0
BRDA:157,15,1,0
BRDA:195,16,0,0
BRDA:195,16,1,0
BRDA:211,17,0,0
BRDA:211,17,1,0
BRF:35
BRH:0
end_of_record
TN:
SF:aniversario-click.js
FN:2,(anonymous_0)
FN:11,(anonymous_1)
FN:16,(anonymous_2)
FN:18,(anonymous_3)
FN:20,(anonymous_4)
FN:34,celebrarAniversario
FN:50,adicionarEventosDeClique
FN:57,(anonymous_7)
FN:62,(anonymous_8)
FN:69,(anonymous_9)
FN:78,(anonymous_10)
FN:95,handleItemClick
FN:119,(anonymous_12)
FN:137,(anonymous_13)
FN:149,handleClick
FN:174,(anonymous_15)
FN:190,(anonymous_16)
FN:203,observarListaAniversariantes
FN:213,(anonymous_18)
FN:214,(anonymous_19)
FN:237,destacarAniversariantesHoje
FN:245,(anonymous_21)
FN:275,(anonymous_22)
FN:288,(anonymous_23)
FNF:24
FNH:0
FNDA:0,(anonymous_0)
FNDA:0,(anonymous_1)
FNDA:0,(anonymous_2)
FNDA:0,(anonymous_3)
FNDA:0,(anonymous_4)
FNDA:0,celebrarAniversario
FNDA:0,adicionarEventosDeClique
FNDA:0,(anonymous_7)
FNDA:0,(anonymous_8)
FNDA:0,(anonymous_9)
FNDA:0,(anonymous_10)
FNDA:0,handleItemClick
FNDA:0,(anonymous_12)
FNDA:0,(anonymous_13)
FNDA:0,handleClick
FNDA:0,(anonymous_15)
FNDA:0,(anonymous_16)
FNDA:0,observarListaAniversariantes
FNDA:0,(anonymous_18)
FNDA:0,(anonymous_19)
FNDA:0,destacarAniversariantesHoje
FNDA:0,(anonymous_21)
FNDA:0,(anonymous_22)
FNDA:0,(anonymous_23)
DA:2,0
DA:3,0
DA:6,0
DA:7,0
DA:11,0
DA:12,0
DA:16,0
DA:18,0
DA:19,0
DA:20,0
DA:21,0
DA:22,0
DA:28,0
DA:29,0
DA:35,0
DA:38,0
DA:51,0
DA:54,0
DA:57,0
DA:58,0
DA:62,0
DA:63,0
DA:64,0
DA:69,0
DA:71,0
DA:74,0
DA:78,0
DA:80,0
DA:81,0
DA:82,0
DA:85,0
DA:88,0
DA:91,0
DA:97,0
DA:98,0
DA:101,0
DA:102,0
DA:103,0
DA:106,0
DA:107,0
DA:110,0
DA:113,0
DA:116,0
DA:119,0
DA:120,0
DA:121,0
DA:123,0
DA:128,0
DA:131,0
DA:132,0
DA:133,0
DA:137,0
DA:138,0
DA:139,0
DA:142,0
DA:143,0
DA:150,0
DA:151,0
DA:154,0
DA:155,0
DA:158,0
DA:159,0
DA:162,0
DA:165,0
DA:168,0
DA:169,0
DA:171,0
DA:174,0
DA:175,0
DA:176,0
DA:177,0
DA:181,0
DA:184,0
DA:185,0
DA:186,0
DA:190,0
DA:191,0
DA:192,0
DA:195,0
DA:196,0
DA:204,0
DA:206,0
DA:207,0
DA:210,0
DA:213,0
DA:214,0
DA:215,0
DA:216,0
DA:218,0
DA:224,0
DA:226,0
DA:229,0
DA:234,0
DA:238,0
DA:239,0
DA:240,0
DA:242,0
DA:245,0
DA:246,0
DA:247,0
DA:248,0
DA:249,0
DA:252,0
DA:253,0
DA:259,0
DA:260,0
DA:263,0
DA:264,0
DA:265,0
DA:272,0
DA:275,0
DA:277,0
DA:283,0
DA:286,0
DA:289,0
DA:290,0
LF:116
LH:0
BRDA:6,0,0,0
BRDA:6,0,1,0
BRDA:6,1,0,0
BRDA:6,1,1,0
BRDA:21,2,0,0
BRDA:21,2,1,0
BRDA:28,3,0,0
BRDA:28,3,1,0
BRDA:28,4,0,0
BRDA:28,4,1,0
BRDA:63,5,0,0
BRDA:63,5,1,0
BRDA:102,6,0,0
BRDA:102,6,1,0
BRDA:120,7,0,0
BRDA:120,7,1,0
BRDA:132,8,0,0
BRDA:132,8,1,0
BRDA:142,9,0,0
BRDA:142,9,1,0
BRDA:154,10,0,0
BRDA:154,10,1,0
BRDA:169,11,0,0
BRDA:169,11,1,0
BRDA:175,12,0,0
BRDA:175,12,1,0
BRDA:185,13,0,0
BRDA:185,13,1,0
BRDA:195,14,0,0
BRDA:195,14,1,0
BRDA:206,15,0,0
BRDA:206,15,1,0
BRDA:215,16,0,0
BRDA:215,16,1,0
BRDA:215,17,0,0
BRDA:215,17,1,0
BRDA:247,18,0,0
BRDA:247,18,1,0
BRDA:252,19,0,0
BRDA:252,19,1,0
BRDA:252,20,0,0
BRDA:252,20,1,0
BRDA:277,21,0,0
BRDA:277,21,1,0
BRDA:278,22,0,0
BRDA:278,22,1,0
BRDA:278,22,2,0
BRF:47
BRH:0
end_of_record
TN:
SF:aniversario-direto.js
FN:2,(anonymous_0)
FN:6,adicionarCliques
FN:8,(anonymous_2)
FN:15,(anonymous_3)
FN:60,(anonymous_4)
FN:62,(anonymous_5)
FNF:6
FNH:0
FNDA:0,(anonymous_0)
FNDA:0,adicionarCliques
FNDA:0,(anonymous_2)
FNDA:0,(anonymous_3)
FNDA:0,(anonymous_4)
FNDA:0,(anonymous_5)
DA:2,0
DA:3,0
DA:8,0
DA:9,0
DA:12,0
DA:15,0
DA:16,0
DA:17,0
DA:19,0
DA:20,0
DA:23,0
DA:24,0
DA:30,0
DA:34,0
DA:35,0
DA:36,0
DA:57,0
DA:60,0
DA:61,0
DA:62,0
DA:63,0
DA:64,0
DA:69,0
DA:75,0
DA:78,0
LF:25
LH:0
BRDA:23,0,0,0
BRDA:23,0,1,0
BRDA:63,1,0,0
BRDA:63,1,1,0
BRF:4
BRH:0
end_of_record
TN:
SF:aniversario-fix.js
FN:2,(anonymous_0)
FN:6,(anonymous_1)
FN:20,(anonymous_2)
FN:92,(anonymous_3)
FN:98,(anonymous_4)
FN:103,(anonymous_5)
FN:115,adicionarEventosClique
FN:119,(anonymous_7)
FN:143,(anonymous_8)
FN:147,(anonymous_9)
FN:181,(anonymous_10)
FN:240,(anonymous_11)
FNF:12
FNH:0
FNDA:0,(anonymous_0)
FNDA:0,(anonymous_1)
FNDA:0,(anonymous_2)
FNDA:0,(anonymous_3)
FNDA:0,(anonymous_4)
FNDA:0,(anonymous_5)
FNDA:0,adicionarEventosClique
FNDA:0,(anonymous_7)
FNDA:0,(anonymous_8)
FNDA:0,(anonymous_9)
FNDA:0,(anonymous_10)
FNDA:0,(anonymous_11)
DA:2,0
DA:3,0
DA:6,0
DA:7,0
DA:10,0
DA:11,0
DA:12,0
DA:20,0
DA:22,0
DA:34,0
DA:46,0
DA:49,0
DA:52,0
DA:54,0
DA:55,0
DA:56,0
DA:57,0
DA:58,0
DA:59,0
DA:60,0
DA:61,0
DA:62,0
DA:64,0
DA:85,0
DA:88,0
DA:89,0
DA:90,0
DA:91,0
DA:92,0
DA:94,0
DA:98,0
DA:99,0
DA:100,0
DA:101,0
DA:103,0
DA:104,0
DA:105,0
DA:110,0
DA:116,0
DA:117,0
DA:119,0
DA:121,0
DA:124,0
DA:127,0
DA:132,0
DA:137,0
DA:140,0
DA:143,0
DA:144,0
DA:145,0
DA:147,0
DA:148,0
DA:151,0
DA:153,0
DA:156,0
DA:159,0
DA:165,0
DA:166,0
DA:168,0
DA:173,0
DA:174,0
DA:181,0
DA:182,0
DA:183,0
DA:184,0
DA:186,0
DA:187,0
DA:189,0
DA:191,0
DA:196,0
DA:197,0
DA:232,0
DA:235,0
DA:236,0
DA:237,0
DA:238,0
DA:240,0
DA:241,0
DA:242,0
DA:244,0
LF:80
LH:0
BRDA:11,0,0,0
BRDA:11,0,1,0
BRDA:104,1,0,0
BRDA:104,1,1,0
BRDA:151,2,0,0
BRDA:151,2,1,0
BRDA:173,3,0,0
BRDA:173,3,1,0
BRDA:182,4,0,0
BRDA:182,4,1,0
BRDA:235,5,0,0
BRDA:235,5,1,0
BRF:12
BRH:0
end_of_record
TN:
SF:aniversario-inline.js
FN:5,(anonymous_0)
FN:9,(anonymous_1)
FN:22,(anonymous_2)
FN:80,(anonymous_3)
FN:86,(anonymous_4)
FN:88,(anonymous_5)
FN:102,(anonymous_6)
FN:109,(anonymous_7)
FN:126,(anonymous_8)
FN:127,(anonymous_9)
FN:141,(anonymous_10)
FNF:11
FNH:0
FNDA:0,(anonymous_0)
FNDA:0,(anonymous_1)
FNDA:0,(anonymous_2)
FNDA:0,(anonymous_3)
FNDA:0,(anonymous_4)
FNDA:0,(anonymous_5)
FNDA:0,(anonymous_6)
FNDA:0,(anonymous_7)
FNDA:0,(anonymous_8)
FNDA:0,(anonymous_9)
FNDA:0,(anonymous_10)
DA:5,0
DA:6,0
DA:9,0
DA:10,0
DA:13,0
DA:14,0
DA:22,0
DA:24,0
DA:36,0
DA:50,0
DA:51,0
DA:52,0
DA:73,0
DA:76,0
DA:77,0
DA:78,0
DA:79,0
DA:80,0
DA:82,0
DA:86,0
DA:87,0
DA:88,0
DA:89,0
DA:90,0
DA:97,0
DA:99,0
DA:100,0
DA:102,0
DA:104,0
DA:106,0
DA:109,0
DA:111,0
DA:114,0
DA:119,0
DA:123,0
DA:126,0
DA:127,0
DA:128,0
DA:129,0
DA:130,0
DA:134,0
DA:141,0
DA:142,0
DA:143,0
DA:144,0
DA:145,0
LF:46
LH:0
BRDA:13,0,0,0
BRDA:13,0,1,0
BRDA:89,1,0,0
BRDA:89,1,1,0
BRDA:99,2,0,0
BRDA:99,2,1,0
BRDA:128,3,0,0
BRDA:128,3,1,0
BRDA:142,4,0,0
BRDA:142,4,1,0
BRF:10
BRH:0
end_of_record
TN:
SF:aniversario-simples.js
FN:2,(anonymous_0)
FN:6,adicionarEventosClique
FN:11,(anonymous_2)
FN:24,celebrarAniversario
FN:41,(anonymous_4)
FN:91,(anonymous_5)
FN:93,(anonymous_6)
FN:104,(anonymous_7)
FN:117,(anonymous_8)
FN:127,(anonymous_9)
FN:156,(anonymous_10)
FN:158,(anonymous_11)
FNF:12
FNH:0
FNDA:0,(anonymous_0)
FNDA:0,adicionarEventosClique
FNDA:0,(anonymous_2)
FNDA:0,celebrarAniversario
FNDA:0,(anonymous_4)
FNDA:0,(anonymous_5)
FNDA:0,(anonymous_6)
FNDA:0,(anonymous_7)
FNDA:0,(anonymous_8)
FNDA:0,(anonymous_9)
FNDA:0,(anonymous_10)
FNDA:0,(anonymous_11)
DA:2,0
DA:3,0
DA:8,0
DA:9,0
DA:11,0
DA:13,0
DA:16,0
DA:19,0
DA:25,0
DA:26,0
DA:28,0
DA:29,0
DA:32,0
DA:34,0
DA:41,0
DA:43,0
DA:52,0
DA:61,0
DA:65,0
DA:66,0
DA:67,0
DA:88,0
DA:91,0
DA:92,0
DA:93,0
DA:94,0
DA:95,0
DA:101,0
DA:102,0
DA:103,0
DA:104,0
DA:105,0
DA:111,0
DA:114,0
DA:115,0
DA:117,0
DA:118,0
DA:119,0
DA:123,0
DA:127,0
DA:128,0
DA:129,0
DA:130,0
DA:133,0
DA:134,0
DA:142,0
DA:143,0
DA:144,0
DA:153,0
DA:156,0
DA:157,0
DA:158,0
DA:159,0
DA:160,0
LF:54
LH:0
BRDA:32,0,0,0
BRDA:32,0,1,0
BRDA:94,1,0,0
BRDA:94,1,1,0
BRDA:102,2,0,0
BRDA:102,2,1,0
BRDA:115,3,0,0
BRDA:115,3,1,0
BRDA:128,4,0,0
BRDA:128,4,1,0
BRDA:133,5,0,0
BRDA:133,5,1,0
BRDA:159,6,0,0
BRDA:159,6,1,0
BRF:14
BRH:0
end_of_record
TN:
SF:auth.js
FN:2,getSupabaseClient
FN:15,waitForSupabase
FN:18,(anonymous_2)
FN:22,(anonymous_3)
FN:75,(anonymous_4)
FN:80,(anonymous_5)
FN:97,(anonymous_6)
FN:123,(anonymous_7)
FN:125,(anonymous_8)
FN:131,(anonymous_9)
FN:137,(anonymous_10)
FN:143,(anonymous_11)
FN:149,(anonymous_12)
FN:153,(anonymous_13)
FN:158,(anonymous_14)
FN:162,(anonymous_15)
FN:167,(anonymous_16)
FN:231,(anonymous_17)
FN:240,(anonymous_18)
FN:259,(anonymous_19)
FN:297,(anonymous_20)
FN:304,(anonymous_21)
FN:324,(anonymous_22)
FN:351,(anonymous_23)
FN:366,(anonymous_24)
FN:389,(anonymous_25)
FN:400,(anonymous_26)
FN:452,(anonymous_27)
FN:479,(anonymous_28)
FN:491,(anonymous_29)
FN:501,(anonymous_30)
FN:530,(anonymous_31)
FN:571,(anonymous_32)
FN:591,(anonymous_33)
FN:596,(anonymous_34)
FN:607,(anonymous_35)
FN:612,(anonymous_36)
FN:623,(anonymous_37)
FN:691,(anonymous_38)
FN:697,(anonymous_39)
FN:703,(anonymous_40)
FN:712,(anonymous_41)
FN:722,(anonymous_42)
FN:727,(anonymous_43)
FN:738,(anonymous_44)
FN:740,(anonymous_45)
FN:756,(anonymous_46)
FN:760,(anonymous_47)
FN:764,(anonymous_48)
FN:768,(anonymous_49)
FN:773,(anonymous_50)
FN:788,(anonymous_51)
FN:793,(anonymous_52)
FN:799,showLogin
FN:803,showRegister
FN:807,showForgotPassword
FN:811,showResetPassword
FN:816,(anonymous_57)
FNF:58
FNH:0
FNDA:0,getSupabaseClient
FNDA:0,waitForSupabase
FNDA:0,(anonymous_2)
FNDA:0,(anonymous_3)
FNDA:0,(anonymous_4)
FNDA:0,(anonymous_5)
FNDA:0,(anonymous_6)
FNDA:0,(anonymous_7)
FNDA:0,(anonymous_8)
FNDA:0,(anonymous_9)
FNDA:0,(anonymous_10)
FNDA:0,(anonymous_11)
FNDA:0,(anonymous_12)
FNDA:0,(anonymous_13)
FNDA:0,(anonymous_14)
FNDA:0,(anonymous_15)
FNDA:0,(anonymous_16)
FNDA:0,(anonymous_17)
FNDA:0,(anonymous_18)
FNDA:0,(anonymous_19)
FNDA:0,(anonymous_20)
FNDA:0,(anonymous_21)
FNDA:0,(anonymous_22)
FNDA:0,(anonymous_23)
FNDA:0,(anonymous_24)
FNDA:0,(anonymous_25)
FNDA:0,(anonymous_26)
FNDA:0,(anonymous_27)
FNDA:0,(anonymous_28)
FNDA:0,(anonymous_29)
FNDA:0,(anonymous_30)
FNDA:0,(anonymous_31)
FNDA:0,(anonymous_32)
FNDA:0,(anonymous_33)
FNDA:0,(anonymous_34)
FNDA:0,(anonymous_35)
FNDA:0,(anonymous_36)
FNDA:0,(anonymous_37)
FNDA:0,(anonymous_38)
FNDA:0,(anonymous_39)
FNDA:0,(anonymous_40)
FNDA:0,(anonymous_41)
FNDA:0,(anonymous_42)
FNDA:0,(anonymous_43)
FNDA:0,(anonymous_44)
FNDA:0,(anonymous_45)
FNDA:0,(anonymous_46)
FNDA:0,(anonymous_47)
FNDA:0,(anonymous_48)
FNDA:0,(anonymous_49)
FNDA:0,(anonymous_50)
FNDA:0,(anonymous_51)
FNDA:0,(anonymous_52)
FNDA:0,showLogin
FNDA:0,showRegister
FNDA:0,showForgotPassword
FNDA:0,showResetPassword
FNDA:0,(anonymous_57)
DA:3,0
DA:4,0
DA:6,0
DA:7,0
DA:8,0
DA:11,0
DA:12,0
DA:16,0
DA:18,0
DA:19,0
DA:20,0
DA:22,0
DA:23,0
DA:24,0
DA:27,0
DA:28,0
DA:29,0
DA:30,0
DA:33,0
DA:40,0
DA:46,0
DA:47,0
DA:48,0
DA:52,0
DA:53,0
DA:54,0
DA:56,0
DA:60,0
DA:61,0
DA:62,0
DA:63,0
DA:66,0
DA:69,0
DA:76,0
DA:77,0
DA:81,0
DA:83,0
DA:84,0
DA:85,0
DA:87,0
DA:88,0
DA:90,0
DA:91,0
DA:94,0
DA:97,0
DA:98,0
DA:99,0
DA:100,0
DA:103,0
DA:104,0
DA:106,0
DA:108,0
DA:111,0
DA:112,0
DA:113,0
DA:125,0
DA:126,0
DA:127,0
DA:131,0
DA:132,0
DA:133,0
DA:137,0
DA:138,0
DA:139,0
DA:143,0
DA:144,0
DA:145,0
DA:149,0
DA:150,0
DA:153,0
DA:154,0
DA:158,0
DA:159,0
DA:162,0
DA:163,0
DA:168,0
DA:170,0
DA:171,0
DA:172,0
DA:174,0
DA:175,0
DA:177,0
DA:178,0
DA:179,0
DA:182,0
DA:183,0
DA:184,0
DA:186,0
DA:187,0
DA:188,0
DA:190,0
DA:191,0
DA:194,0
DA:195,0
DA:203,0
DA:204,0
DA:205,0
DA:208,0
DA:211,0
DA:212,0
DA:214,0
DA:217,0
DA:220,0
DA:221,0
DA:222,0
DA:228,0
DA:229,0
DA:231,0
DA:232,0
DA:234,0
DA:238,0
DA:240,0
DA:241,0
DA:244,0
DA:245,0
DA:247,0
DA:248,0
DA:249,0
DA:250,0
DA:253,0
DA:255,0
DA:260,0
DA:261,0
DA:262,0
DA:263,0
DA:265,0
DA:266,0
DA:269,0
DA:270,0
DA:272,0
DA:273,0
DA:274,0
DA:285,0
DA:286,0
DA:289,0
DA:291,0
DA:297,0
DA:298,0
DA:302,0
DA:304,0
DA:305,0
DA:309,0
DA:310,0
DA:312,0
DA:313,0
DA:314,0
DA:315,0
DA:318,0
DA:320,0
DA:325,0
DA:327,0
DA:328,0
DA:329,0
DA:332,0
DA:333,0
DA:335,0
DA:336,0
DA:337,0
DA:341,0
DA:342,0
DA:345,0
DA:351,0
DA:352,0
DA:355,0
DA:356,0
DA:362,0
DA:367,0
DA:368,0
DA:370,0
DA:371,0
DA:374,0
DA:375,0
DA:377,0
DA:378,0
DA:379,0
DA:383,0
DA:384,0
DA:387,0
DA:389,0
DA:390,0
DA:393,0
DA:394,0
DA:396,0
DA:401,0
DA:402,0
DA:404,0
DA:411,0
DA:412,0
DA:414,0
DA:425,0
DA:426,0
DA:428,0
DA:429,0
DA:431,0
DA:436,0
DA:437,0
DA:440,0
DA:441,0
DA:442,0
DA:445,0
DA:448,0
DA:453,0
DA:454,0
DA:455,0
DA:469,0
DA:470,0
DA:472,0
DA:475,0
DA:480,0
DA:481,0
DA:482,0
DA:483,0
DA:485,0
DA:487,0
DA:492,0
DA:493,0
DA:494,0
DA:495,0
DA:496,0
DA:502,0
DA:503,0
DA:504,0
DA:506,0
DA:508,0
DA:509,0
DA:510,0
DA:511,0
DA:513,0
DA:514,0
DA:517,0
DA:518,0
DA:519,0
DA:520,0
DA:522,0
DA:523,0
DA:526,0
DA:527,0
DA:531,0
DA:533,0
DA:534,0
DA:535,0
DA:537,0
DA:541,0
DA:542,0
DA:544,0
DA:549,0
DA:551,0
DA:554,0
DA:555,0
DA:556,0
DA:558,0
DA:561,0
DA:562,0
DA:563,0
DA:565,0
DA:568,0
DA:572,0
DA:574,0
DA:575,0
DA:576,0
DA:578,0
DA:581,0
DA:582,0
DA:583,0
DA:585,0
DA:588,0
DA:592,0
DA:593,0
DA:598,0
DA:599,0
DA:603,0
DA:604,0
DA:609,0
DA:613,0
DA:614,0
DA:616,0
DA:617,0
DA:618,0
DA:619,0
DA:624,0
DA:625,0
DA:626,0
DA:628,0
DA:629,0
DA:630,0
DA:631,0
DA:632,0
DA:635,0
DA:636,0
DA:639,0
DA:640,0
DA:642,0
DA:645,0
DA:646,0
DA:648,0
DA:651,0
DA:652,0
DA:654,0
DA:657,0
DA:658,0
DA:660,0
DA:663,0
DA:664,0
DA:666,0
DA:670,0
DA:671,0
DA:672,0
DA:673,0
DA:674,0
DA:675,0
DA:676,0
DA:677,0
DA:678,0
DA:680,0
DA:681,0
DA:682,0
DA:685,0
DA:686,0
DA:692,0
DA:693,0
DA:694,0
DA:698,0
DA:699,0
DA:700,0
DA:704,0
DA:705,0
DA:706,0
DA:708,0
DA:713,0
DA:714,0
DA:723,0
DA:724,0
DA:728,0
DA:734,0
DA:740,0
DA:741,0
DA:745,0
DA:746,0
DA:747,0
DA:750,0
DA:751,0
DA:752,0
DA:753,0
DA:757,0
DA:761,0
DA:765,0
DA:769,0
DA:774,0
DA:775,0
DA:776,0
DA:777,0
DA:778,0
DA:781,0
DA:783,0
DA:789,0
DA:794,0
DA:800,0
DA:804,0
DA:808,0
DA:812,0
DA:816,0
DA:817,0
DA:819,0
DA:820,0
DA:821,0
DA:822,0
DA:823,0
DA:826,0
DA:828,0
DA:831,0
DA:832,0
DA:833,0
LF:372
LH:0
BRDA:6,0,0,0
BRDA:6,0,1,0
BRDA:27,1,0,0
BRDA:27,1,1,0
BRDA:40,2,0,0
BRDA:40,2,1,0
BRDA:41,3,0,0
BRDA:41,3,1,0
BRDA:41,3,2,0
BRDA:41,3,3,0
BRDA:60,4,0,0
BRDA:60,4,1,0
BRDA:90,5,0,0
BRDA:90,5,1,0
BRDA:98,6,0,0
BRDA:98,6,1,0
BRDA:100,7,0,0
BRDA:100,7,1,0
BRDA:112,8,0,0
BRDA:112,8,1,0
BRDA:177,9,0,0
BRDA:177,9,1,0
BRDA:190,10,0,0
BRDA:190,10,1,0
BRDA:203,11,0,0
BRDA:203,11,1,0
BRDA:211,12,0,0
BRDA:211,12,1,0
BRDA:220,13,0,0
BRDA:220,13,1,0
BRDA:228,14,0,0
BRDA:228,14,1,0
BRDA:247,15,0,0
BRDA:247,15,1,0
BRDA:249,16,0,0
BRDA:249,16,1,0
BRDA:265,17,0,0
BRDA:265,17,1,0
BRDA:285,18,0,0
BRDA:285,18,1,0
BRDA:289,19,0,0
BRDA:289,19,1,0
BRDA:289,20,0,0
BRDA:289,20,1,0
BRDA:312,21,0,0
BRDA:312,21,1,0
BRDA:314,22,0,0
BRDA:314,22,1,0
BRDA:327,23,0,0
BRDA:327,23,1,0
BRDA:341,24,0,0
BRDA:341,24,1,0
BRDA:370,25,0,0
BRDA:370,25,1,0
BRDA:383,26,0,0
BRDA:383,26,1,0
BRDA:411,27,0,0
BRDA:411,27,1,0
BRDA:425,28,0,0
BRDA:425,28,1,0
BRDA:428,29,0,0
BRDA:428,29,1,0
BRDA:436,30,0,0
BRDA:436,30,1,0
BRDA:440,31,0,0
BRDA:440,31,1,0
BRDA:469,32,0,0
BRDA:469,32,1,0
BRDA:485,33,0,0
BRDA:485,33,1,0
BRDA:485,34,0,0
BRDA:485,34,1,0
BRDA:485,34,2,0
BRDA:492,35,0,0
BRDA:492,35,1,0
BRDA:494,36,0,0
BRDA:494,36,1,0
BRDA:504,37,0,0
BRDA:504,37,1,0
BRDA:508,38,0,0
BRDA:508,38,1,0
BRDA:517,39,0,0
BRDA:517,39,1,0
BRDA:517,40,0,0
BRDA:517,40,1,0
BRDA:533,41,0,0
BRDA:533,41,1,0
BRDA:533,42,0,0
BRDA:533,42,1,0
BRDA:541,43,0,0
BRDA:541,43,1,0
BRDA:554,44,0,0
BRDA:554,44,1,0
BRDA:561,45,0,0
BRDA:561,45,1,0
BRDA:574,46,0,0
BRDA:574,46,1,0
BRDA:581,47,0,0
BRDA:581,47,1,0
BRDA:598,48,0,0
BRDA:598,48,1,0
BRDA:609,49,0,0
BRDA:609,49,1,0
BRDA:616,50,0,0
BRDA:616,50,1,0
BRDA:616,51,0,0
BRDA:616,51,1,0
BRDA:618,52,0,0
BRDA:618,52,1,0
BRDA:628,53,0,0
BRDA:628,53,1,0
BRDA:639,54,0,0
BRDA:639,54,1,0
BRDA:645,55,0,0
BRDA:645,55,1,0
BRDA:651,56,0,0
BRDA:651,56,1,0
BRDA:657,57,0,0
BRDA:657,57,1,0
BRDA:663,58,0,0
BRDA:663,58,1,0
BRDA:671,59,0,0
BRDA:671,59,1,0
BRDA:675,60,0,0
BRDA:675,60,1,0
BRDA:685,61,0,0
BRDA:685,61,1,0
BRDA:705,62,0,0
BRDA:705,62,1,0
BRDA:734,63,0,0
BRDA:734,63,1,0
BRDA:777,64,0,0
BRDA:777,64,1,0
BRDA:832,65,0,0
BRDA:832,65,1,0
BRF:135
BRH:0
end_of_record
TN:
SF:button-customization.js
FN:48,applyButtonColor
FN:84,createColorMenu
FN:113,(anonymous_2)
FN:121,(anonymous_3)
FN:132,(anonymous_4)
FN:144,initializeSortable
FN:154,(anonymous_6)
FN:179,(anonymous_7)
FN:192,(anonymous_8)
FN:205,(anonymous_9)
FN:210,(anonymous_10)
FN:224,initializeCustomization
FN:227,(anonymous_12)
FN:243,(anonymous_13)
FN:256,closeMenu
FN:270,(anonymous_15)
FN:276,(anonymous_16)
FNF:17
FNH:0
FNDA:0,applyButtonColor
FNDA:0,createColorMenu
FNDA:0,(anonymous_2)
FNDA:0,(anonymous_3)
FNDA:0,(anonymous_4)
FNDA:0,initializeSortable
FNDA:0,(anonymous_6)
FNDA:0,(anonymous_7)
FNDA:0,(anonymous_8)
FNDA:0,(anonymous_9)
FNDA:0,(anonymous_10)
FNDA:0,initializeCustomization
FNDA:0,(anonymous_12)
FNDA:0,(anonymous_13)
FNDA:0,closeMenu
FNDA:0,(anonymous_15)
FNDA:0,(anonymous_16)
DA:2,0
DA:36,0
DA:51,0
DA:52,0
DA:53,0
DA:54,0
DA:55,0
DA:56,0
DA:59,0
DA:60,0
DA:61,0
DA:62,0
DA:66,0
DA:67,0
DA:71,0
DA:77,0
DA:78,0
DA:85,0
DA:86,0
DA:87,0
DA:101,0
DA:102,0
DA:103,0
DA:113,0
DA:114,0
DA:115,0
DA:116,0
DA:118,0
DA:121,0
DA:122,0
DA:123,0
DA:131,0
DA:132,0
DA:133,0
DA:134,0
DA:135,0
DA:137,0
DA:140,0
DA:145,0
DA:149,0
DA:152,0
DA:155,0
DA:156,0
DA:157,0
DA:158,0
DA:164,0
DA:180,0
DA:181,0
DA:182,0
DA:183,0
DA:186,0
DA:187,0
DA:188,0
DA:193,0
DA:194,0
DA:195,0
DA:198,0
DA:199,0
DA:200,0
DA:204,0
DA:205,0
DA:206,0
DA:207,0
DA:210,0
DA:211,0
DA:216,0
DA:217,0
DA:219,0
DA:225,0
DA:227,0
DA:228,0
DA:229,0
DA:233,0
DA:234,0
DA:236,0
DA:237,0
DA:239,0
DA:243,0
DA:244,0
DA:245,0
DA:246,0
DA:247,0
DA:250,0
DA:251,0
DA:252,0
DA:253,0
DA:254,0
DA:256,0
DA:257,0
DA:258,0
DA:259,0
DA:265,0
DA:270,0
DA:271,0
DA:276,0
DA:277,0
DA:279,0
DA:280,0
DA:281,0
DA:283,0
LF:100
LH:0
BRDA:51,0,0,0
BRDA:51,0,1,0
BRDA:54,1,0,0
BRDA:54,1,1,0
BRDA:60,2,0,0
BRDA:60,2,1,0
BRDA:66,3,0,0
BRDA:66,3,1,0
BRDA:66,4,0,0
BRDA:66,4,1,0
BRDA:77,5,0,0
BRDA:77,5,1,0
BRDA:155,6,0,0
BRDA:155,6,1,0
BRDA:228,7,0,0
BRDA:228,7,1,0
BRDA:236,8,0,0
BRDA:236,8,1,0
BRDA:236,9,0,0
BRDA:236,9,1,0
BRDA:246,10,0,0
BRDA:246,10,1,0
BRDA:257,11,0,0
BRDA:257,11,1,0
BRDA:279,12,0,0
BRDA:279,12,1,0
BRF:26
BRH:0
end_of_record
TN:
SF:card-customizer.js
FN:4,initializeCardCustomizer
FN:8,(anonymous_1)
FN:29,(anonymous_2)
FN:31,(anonymous_3)
FN:115,(anonymous_4)
FN:132,(anonymous_5)
FN:140,(anonymous_6)
FN:157,(anonymous_7)
FN:162,(anonymous_8)
FN:172,(anonymous_9)
FN:177,(anonymous_10)
FN:188,(anonymous_11)
FN:196,applyColorToGroup
FN:223,loadSavedColors
FN:227,(anonymous_14)
FN:232,(anonymous_15)
FNF:16
FNH:0
FNDA:0,initializeCardCustomizer
FNDA:0,(anonymous_1)
FNDA:0,(anonymous_2)
FNDA:0,(anonymous_3)
FNDA:0,(anonymous_4)
FNDA:0,(anonymous_5)
FNDA:0,(anonymous_6)
FNDA:0,(anonymous_7)
FNDA:0,(anonymous_8)
FNDA:0,(anonymous_9)
FNDA:0,(anonymous_10)
FNDA:0,(anonymous_11)
FNDA:0,applyColorToGroup
FNDA:0,loadSavedColors
FNDA:0,(anonymous_14)
FNDA:0,(anonymous_15)
DA:8,0
DA:10,0
DA:11,0
DA:12,0
DA:15,0
DA:16,0
DA:17,0
DA:21,0
DA:22,0
DA:23,0
DA:29,0
DA:31,0
DA:32,0
DA:33,0
DA:37,0
DA:40,0
DA:115,0
DA:117,0
DA:118,0
DA:122,0
DA:123,0
DA:124,0
DA:125,0
DA:128,0
DA:129,0
DA:132,0
DA:133,0
DA:134,0
DA:135,0
DA:136,0
DA:137,0
DA:140,0
DA:141,0
DA:144,0
DA:147,0
DA:150,0
DA:153,0
DA:157,0
DA:158,0
DA:159,0
DA:162,0
DA:163,0
DA:165,0
DA:168,0
DA:172,0
DA:173,0
DA:177,0
DA:178,0
DA:182,0
DA:183,0
DA:186,0
DA:187,0
DA:188,0
DA:189,0
DA:190,0
DA:200,0
DA:201,0
DA:202,0
DA:206,0
DA:209,0
DA:210,0
DA:211,0
DA:217,0
DA:218,0
DA:224,0
DA:225,0
DA:227,0
DA:228,0
DA:229,0
DA:230,0
DA:231,0
DA:232,0
DA:233,0
DA:235,0
DA:236,0
DA:237,0
DA:241,0
LF:77
LH:0
BRDA:16,0,0,0
BRDA:16,0,1,0
BRDA:22,1,0,0
BRDA:22,1,1,0
BRDA:117,2,0,0
BRDA:117,2,1,0
BRDA:158,3,0,0
BRDA:158,3,1,0
BRDA:187,4,0,0
BRDA:187,4,1,0
BRDA:189,5,0,0
BRDA:189,5,1,0
BRDA:201,6,0,0
BRDA:201,6,1,0
BRDA:217,7,0,0
BRDA:217,7,1,0
BRDA:228,8,0,0
BRDA:228,8,1,0
BRDA:230,9,0,0
BRDA:230,9,1,0
BRDA:233,10,0,0
BRDA:233,10,1,0
BRDA:236,11,0,0
BRDA:236,11,1,0
BRF:24
BRH:0
end_of_record
TN:
SF:favorites-color.js
FN:6,(anonymous_0)
FN:13,extractBaseColor
FN:27,updateBorderColor
FN:43,(anonymous_3)
FN:56,(anonymous_4)
FN:62,(anonymous_5)
FN:69,(anonymous_6)
FN:70,(anonymous_7)
FN:74,(anonymous_8)
FN:95,(anonymous_9)
FN:124,(anonymous_10)
FN:132,(anonymous_11)
FN:134,(anonymous_12)
FN:141,(anonymous_13)
FN:156,(anonymous_14)
FN:158,(anonymous_15)
FNF:16
FNH:0
FNDA:0,(anonymous_0)
FNDA:0,extractBaseColor
FNDA:0,updateBorderColor
FNDA:0,(anonymous_3)
FNDA:0,(anonymous_4)
FNDA:0,(anonymous_5)
FNDA:0,(anonymous_6)
FNDA:0,(anonymous_7)
FNDA:0,(anonymous_8)
FNDA:0,(anonymous_9)
FNDA:0,(anonymous_10)
FNDA:0,(anonymous_11)
FNDA:0,(anonymous_12)
FNDA:0,(anonymous_13)
FNDA:0,(anonymous_14)
FNDA:0,(anonymous_15)
DA:6,0
DA:7,0
DA:8,0
DA:9,0
DA:10,0
DA:15,0
DA:16,0
DA:17,0
DA:18,0
DA:19,0
DA:21,0
DA:23,0
DA:28,0
DA:29,0
DA:31,0
DA:32,0
DA:37,0
DA:38,0
DA:39,0
DA:40,0
DA:43,0
DA:44,0
DA:45,0
DA:50,0
DA:51,0
DA:56,0
DA:57,0
DA:58,0
DA:62,0
DA:63,0
DA:64,0
DA:69,0
DA:70,0
DA:71,0
DA:74,0
DA:77,0
DA:80,0
DA:83,0
DA:86,0
DA:89,0
DA:92,0
DA:94,0
DA:95,0
DA:96,0
DA:102,0
DA:124,0
DA:125,0
DA:126,0
DA:127,0
DA:128,0
DA:129,0
DA:132,0
DA:133,0
DA:134,0
DA:135,0
DA:136,0
DA:137,0
DA:138,0
DA:139,0
DA:140,0
DA:141,0
DA:142,0
DA:146,0
DA:150,0
DA:151,0
DA:152,0
DA:153,0
DA:156,0
DA:157,0
DA:158,0
DA:159,0
DA:160,0
DA:161,0
DA:167,0
DA:168,0
LF:75
LH:0
BRDA:16,0,0,0
BRDA:16,0,1,0
BRDA:29,1,0,0
BRDA:29,1,1,0
BRDA:38,2,0,0
BRDA:38,2,1,0
BRDA:44,3,0,0
BRDA:44,3,1,0
BRDA:50,4,0,0
BRDA:50,4,1,0
BRDA:63,5,0,0
BRDA:63,5,1,0
BRDA:63,6,0,0
BRDA:63,6,1,0
BRDA:159,7,0,0
BRDA:159,7,1,0
BRDA:160,8,0,0
BRDA:160,8,1,0
BRDA:167,9,0,0
BRDA:167,9,1,0
BRF:20
BRH:0
end_of_record
TN:
SF:favorites-customizer.js
FN:246,initFavoritesCustomizer
FN:333,(anonymous_1)
FN:350,(anonymous_2)
FN:352,(anonymous_3)
FN:385,(anonymous_4)
FN:393,(anonymous_5)
FN:443,(anonymous_6)
FN:462,(anonymous_7)
FN:463,(anonymous_8)
FN:474,(anonymous_9)
FN:480,(anonymous_10)
FN:522,(anonymous_11)
FN:539,(anonymous_12)
FN:564,(anonymous_13)
FN:570,(anonymous_14)
FN:584,(anonymous_15)
FN:619,addFeedbackStyles
FN:817,showFeedbackMessage
FN:832,(anonymous_18)
FN:834,(anonymous_19)
FN:841,showFavoritesEmoji
FN:862,hideFavoritesEmoji
FN:870,showMatrixEffect
FN:897,drawMatrix
FN:931,(anonymous_24)
FN:939,hideMatrixEffect
FN:952,(anonymous_26)
FN:961,showAuroraEffect
FN:965,hideAuroraEffect
FN:969,showPulsarEffect
FN:973,hidePulsarEffect
FN:979,(anonymous_31)
FNF:32
FNH:0
FNDA:0,initFavoritesCustomizer
FNDA:0,(anonymous_1)
FNDA:0,(anonymous_2)
FNDA:0,(anonymous_3)
FNDA:0,(anonymous_4)
FNDA:0,(anonymous_5)
FNDA:0,(anonymous_6)
FNDA:0,(anonymous_7)
FNDA:0,(anonymous_8)
FNDA:0,(anonymous_9)
FNDA:0,(anonymous_10)
FNDA:0,(anonymous_11)
FNDA:0,(anonymous_12)
FNDA:0,(anonymous_13)
FNDA:0,(anonymous_14)
FNDA:0,(anonymous_15)
FNDA:0,addFeedbackStyles
FNDA:0,showFeedbackMessage
FNDA:0,(anonymous_18)
FNDA:0,(anonymous_19)
FNDA:0,showFavoritesEmoji
FNDA:0,hideFavoritesEmoji
FNDA:0,showMatrixEffect
FNDA:0,drawMatrix
FNDA:0,(anonymous_24)
FNDA:0,hideMatrixEffect
FNDA:0,(anonymous_26)
FNDA:0,showAuroraEffect
FNDA:0,hideAuroraEffect
FNDA:0,showPulsarEffect
FNDA:0,hidePulsarEffect
FNDA:0,(anonymous_31)
DA:1,0
DA:209,0
DA:247,0
DA:248,0
DA:250,0
DA:251,0
DA:252,0
DA:256,0
DA:257,0
DA:258,0
DA:259,0
DA:260,0
DA:264,0
DA:265,0
DA:266,0
DA:267,0
DA:268,0
DA:269,0
DA:270,0
DA:271,0
DA:272,0
DA:273,0
DA:274,0
DA:275,0
DA:276,0
DA:277,0
DA:278,0
DA:279,0
DA:280,0
DA:281,0
DA:282,0
DA:284,0
DA:285,0
DA:286,0
DA:288,0
DA:292,0
DA:293,0
DA:294,0
DA:296,0
DA:297,0
DA:298,0
DA:299,0
DA:300,0
DA:301,0
DA:302,0
DA:303,0
DA:304,0
DA:305,0
DA:306,0
DA:307,0
DA:308,0
DA:309,0
DA:310,0
DA:315,0
DA:316,0
DA:317,0
DA:318,0
DA:319,0
DA:322,0
DA:323,0
DA:324,0
DA:325,0
DA:328,0
DA:329,0
DA:330,0
DA:333,0
DA:334,0
DA:335,0
DA:336,0
DA:337,0
DA:338,0
DA:341,0
DA:342,0
DA:343,0
DA:345,0
DA:346,0
DA:347,0
DA:348,0
DA:350,0
DA:352,0
DA:353,0
DA:357,0
DA:360,0
DA:363,0
DA:364,0
DA:368,0
DA:370,0
DA:372,0
DA:376,0
DA:380,0
DA:381,0
DA:382,0
DA:385,0
DA:386,0
DA:387,0
DA:391,0
DA:392,0
DA:393,0
DA:394,0
DA:397,0
DA:399,0
DA:407,0
DA:408,0
DA:410,0
DA:413,0
DA:414,0
DA:415,0
DA:416,0
DA:417,0
DA:418,0
DA:419,0
DA:420,0
DA:421,0
DA:422,0
DA:423,0
DA:424,0
DA:426,0
DA:427,0
DA:428,0
DA:432,0
DA:433,0
DA:434,0
DA:435,0
DA:436,0
DA:439,0
DA:443,0
DA:444,0
DA:445,0
DA:446,0
DA:447,0
DA:448,0
DA:449,0
DA:450,0
DA:451,0
DA:452,0
DA:455,0
DA:456,0
DA:457,0
DA:458,0
DA:459,0
DA:460,0
DA:461,0
DA:462,0
DA:463,0
DA:464,0
DA:466,0
DA:467,0
DA:469,0
DA:470,0
DA:471,0
DA:472,0
DA:473,0
DA:474,0
DA:475,0
DA:476,0
DA:478,0
DA:479,0
DA:480,0
DA:481,0
DA:483,0
DA:485,0
DA:493,0
DA:494,0
DA:496,0
DA:499,0
DA:500,0
DA:501,0
DA:502,0
DA:503,0
DA:504,0
DA:505,0
DA:506,0
DA:507,0
DA:508,0
DA:509,0
DA:510,0
DA:512,0
DA:513,0
DA:514,0
DA:517,0
DA:522,0
DA:523,0
DA:524,0
DA:526,0
DA:528,0
DA:529,0
DA:530,0
DA:532,0
DA:533,0
DA:536,0
DA:537,0
DA:539,0
DA:540,0
DA:541,0
DA:542,0
DA:543,0
DA:548,0
DA:549,0
DA:550,0
DA:551,0
DA:555,0
DA:556,0
DA:564,0
DA:565,0
DA:566,0
DA:570,0
DA:571,0
DA:572,0
DA:573,0
DA:578,0
DA:579,0
DA:580,0
DA:581,0
DA:582,0
DA:583,0
DA:584,0
DA:585,0
DA:586,0
DA:587,0
DA:589,0
DA:590,0
DA:592,0
DA:593,0
DA:595,0
DA:598,0
DA:599,0
DA:600,0
DA:601,0
DA:602,0
DA:603,0
DA:604,0
DA:605,0
DA:606,0
DA:607,0
DA:608,0
DA:609,0
DA:611,0
DA:612,0
DA:613,0
DA:620,0
DA:621,0
DA:623,0
DA:624,0
DA:625,0
DA:814,0
DA:818,0
DA:819,0
DA:820,0
DA:823,0
DA:824,0
DA:825,0
DA:826,0
DA:829,0
DA:830,0
DA:832,0
DA:833,0
DA:834,0
DA:835,0
DA:842,0
DA:843,0
DA:844,0
DA:845,0
DA:846,0
DA:847,0
DA:848,0
DA:849,0
DA:850,0
DA:851,0
DA:852,0
DA:853,0
DA:854,0
DA:855,0
DA:856,0
DA:858,0
DA:859,0
DA:863,0
DA:864,0
DA:865,0
DA:871,0
DA:872,0
DA:873,0
DA:874,0
DA:875,0
DA:876,0
DA:877,0
DA:878,0
DA:879,0
DA:880,0
DA:881,0
DA:882,0
DA:883,0
DA:884,0
DA:887,0
DA:888,0
DA:889,0
DA:891,0
DA:893,0
DA:894,0
DA:895,0
DA:896,0
DA:898,0
DA:899,0
DA:900,0
DA:901,0
DA:902,0
DA:903,0
DA:904,0
DA:905,0
DA:906,0
DA:907,0
DA:908,0
DA:909,0
DA:910,0
DA:911,0
DA:912,0
DA:913,0
DA:914,0
DA:916,0
DA:918,0
DA:920,0
DA:921,0
DA:923,0
DA:925,0
DA:928,0
DA:931,0
DA:932,0
DA:933,0
DA:934,0
DA:935,0
DA:936,0
DA:940,0
DA:941,0
DA:942,0
DA:944,0
DA:945,0
DA:947,0
DA:949,0
DA:952,0
DA:953,0
DA:954,0
DA:955,0
DA:956,0
DA:962,0
DA:963,0
DA:966,0
DA:967,0
DA:970,0
DA:971,0
DA:974,0
DA:975,0
DA:979,0
DA:980,0
DA:983,0
LF:353
LH:0
BRDA:250,0,0,0
BRDA:250,0,1,0
BRDA:250,1,0,0
BRDA:250,1,1,0
BRDA:257,2,0,0
BRDA:257,2,1,0
BRDA:265,3,0,0
BRDA:265,3,1,0
BRDA:285,4,0,0
BRDA:285,4,1,0
BRDA:293,5,0,0
BRDA:293,5,1,0
BRDA:308,6,0,0
BRDA:308,6,1,0
BRDA:316,7,0,0
BRDA:316,7,1,0
BRDA:368,8,0,0
BRDA:368,8,1,0
BRDA:370,9,0,0
BRDA:370,9,1,0
BRDA:370,10,0,0
BRDA:370,10,1,0
BRDA:407,11,0,0
BRDA:407,11,1,0
BRDA:413,12,0,0
BRDA:413,12,1,0
BRDA:417,13,0,0
BRDA:417,13,1,0
BRDA:421,14,0,0
BRDA:421,14,1,0
BRDA:432,15,0,0
BRDA:432,15,1,0
BRDA:435,16,0,0
BRDA:435,16,1,0
BRDA:435,17,0,0
BRDA:435,17,1,0
BRDA:449,18,0,0
BRDA:449,18,1,0
BRDA:493,19,0,0
BRDA:493,19,1,0
BRDA:499,20,0,0
BRDA:499,20,1,0
BRDA:503,21,0,0
BRDA:503,21,1,0
BRDA:507,22,0,0
BRDA:507,22,1,0
BRDA:528,23,0,0
BRDA:528,23,1,0
BRDA:542,24,0,0
BRDA:542,24,1,0
BRDA:542,25,0,0
BRDA:542,25,1,0
BRDA:548,26,0,0
BRDA:548,26,1,0
BRDA:548,27,0,0
BRDA:548,27,1,0
BRDA:551,28,0,0
BRDA:551,28,1,0
BRDA:571,29,0,0
BRDA:571,29,1,0
BRDA:581,30,0,0
BRDA:581,30,1,0
BRDA:581,31,0,0
BRDA:581,31,1,0
BRDA:585,32,0,0
BRDA:585,32,1,0
BRDA:585,33,0,0
BRDA:585,33,1,0
BRDA:592,34,0,0
BRDA:592,34,1,0
BRDA:592,35,0,0
BRDA:592,35,1,0
BRDA:598,36,0,0
BRDA:598,36,1,0
BRDA:598,37,0,0
BRDA:598,37,1,0
BRDA:602,38,0,0
BRDA:602,38,1,0
BRDA:602,39,0,0
BRDA:602,39,1,0
BRDA:606,40,0,0
BRDA:606,40,1,0
BRDA:606,41,0,0
BRDA:606,41,1,0
BRDA:620,42,0,0
BRDA:620,42,1,0
BRDA:817,43,0,0
BRDA:819,44,0,0
BRDA:819,44,1,0
BRDA:843,45,0,0
BRDA:843,45,1,0
BRDA:864,46,0,0
BRDA:864,46,1,0
BRDA:872,47,0,0
BRDA:872,47,1,0
BRDA:913,48,0,0
BRDA:913,48,1,0
BRDA:913,49,0,0
BRDA:913,49,1,0
BRDA:920,50,0,0
BRDA:920,50,1,0
BRDA:941,51,0,0
BRDA:941,51,1,0
BRDA:944,52,0,0
BRDA:944,52,1,0
BRF:105
BRH:0
end_of_record
TN:
SF:footer-calendar.js
FN:1,(anonymous_0)
FN:40,generateYearView
FN:53,(anonymous_2)
FN:68,(anonymous_3)
FN:74,(anonymous_4)
FN:81,(anonymous_5)
FN:88,(anonymous_6)
FN:89,(anonymous_7)
FN:99,generateCalendar
FN:118,(anonymous_9)
FN:155,(anonymous_10)
FN:165,(anonymous_11)
FN:176,(anonymous_12)
FN:183,(anonymous_13)
FN:184,(anonymous_14)
FN:193,(anonymous_15)
FN:211,(anonymous_16)
FNF:17
FNH:0
FNDA:0,(anonymous_0)
FNDA:0,generateYearView
FNDA:0,(anonymous_2)
FNDA:0,(anonymous_3)
FNDA:0,(anonymous_4)
FNDA:0,(anonymous_5)
FNDA:0,(anonymous_6)
FNDA:0,(anonymous_7)
FNDA:0,generateCalendar
FNDA:0,(anonymous_9)
FNDA:0,(anonymous_10)
FNDA:0,(anonymous_11)
FNDA:0,(anonymous_12)
FNDA:0,(anonymous_13)
FNDA:0,(anonymous_14)
FNDA:0,(anonymous_15)
FNDA:0,(anonymous_16)
DA:1,0
DA:3,0
DA:4,0
DA:5,0
DA:8,0
DA:9,0
DA:10,0
DA:11,0
DA:13,0
DA:16,0
DA:17,0
DA:18,0
DA:19,0
DA:22,0
DA:37,0
DA:41,0
DA:53,0
DA:54,0
DA:55,0
DA:57,0
DA:64,0
DA:65,0
DA:68,0
DA:69,0
DA:70,0
DA:71,0
DA:74,0
DA:75,0
DA:76,0
DA:77,0
DA:81,0
DA:82,0
DA:83,0
DA:84,0
DA:88,0
DA:89,0
DA:90,0
DA:91,0
DA:92,0
DA:93,0
DA:100,0
DA:101,0
DA:102,0
DA:103,0
DA:105,0
DA:118,0
DA:119,0
DA:123,0
DA:124,0
DA:125,0
DA:126,0
DA:130,0
DA:131,0
DA:133,0
DA:137,0
DA:146,0
DA:147,0
DA:148,0
DA:151,0
DA:152,0
DA:155,0
DA:156,0
DA:157,0
DA:158,0
DA:159,0
DA:160,0
DA:162,0
DA:165,0
DA:166,0
DA:167,0
DA:168,0
DA:169,0
DA:170,0
DA:172,0
DA:176,0
DA:177,0
DA:178,0
DA:179,0
DA:183,0
DA:184,0
DA:185,0
DA:186,0
DA:187,0
DA:193,0
DA:194,0
DA:195,0
DA:197,0
DA:198,0
DA:199,0
DA:201,0
DA:202,0
DA:203,0
DA:207,0
DA:211,0
DA:212,0
DA:213,0
LF:96
LH:0
BRDA:9,0,0,0
BRDA:9,0,1,0
BRDA:55,1,0,0
BRDA:55,1,1,0
BRDA:58,2,0,0
BRDA:58,2,1,0
BRDA:133,3,0,0
BRDA:133,3,1,0
BRDA:133,3,2,0
BRDA:138,4,0,0
BRDA:138,4,1,0
BRDA:158,5,0,0
BRDA:158,5,1,0
BRDA:168,6,0,0
BRDA:168,6,1,0
BRDA:197,7,0,0
BRDA:197,7,1,0
BRDA:198,8,0,0
BRDA:198,8,1,0
BRDA:212,9,0,0
BRDA:212,9,1,0
BRDA:212,10,0,0
BRDA:212,10,1,0
BRF:23
BRH:0
end_of_record
TN:
SF:header-clock.js
FN:6,(anonymous_0)
FN:23,updateClock
FNF:2
FNH:0
FNDA:0,(anonymous_0)
FNDA:0,updateClock
DA:6,0
DA:8,0
DA:9,0
DA:10,0
DA:11,0
DA:14,0
DA:15,0
DA:18,0
DA:19,0
DA:24,0
DA:27,0
DA:28,0
DA:29,0
DA:30,0
DA:33,0
DA:34,0
DA:38,0
DA:39,0
DA:43,0
DA:44,0
DA:47,0
DA:48,0
DA:52,0
DA:53,0
DA:54,0
DA:55,0
DA:58,0
DA:59,0
DA:63,0
DA:64,0
DA:69,0
DA:72,0
LF:32
LH:0
BRDA:18,0,0,0
BRDA:18,0,1,0
BRDA:33,1,0,0
BRDA:33,1,1,0
BRDA:38,2,0,0
BRDA:38,2,1,0
BRDA:47,3,0,0
BRDA:47,3,1,0
BRDA:58,4,0,0
BRDA:58,4,1,0
BRDA:63,5,0,0
BRDA:63,5,1,0
BRF:12
BRH:0
end_of_record
TN:
SF:notes.js
FN:2,(anonymous_0)
FN:46,saveNotes
FN:51,createColorPicker
FN:55,(anonymous_3)
FN:68,renderNotes
FN:69,(anonymous_5)
FN:70,(anonymous_6)
FN:124,(anonymous_7)
FN:138,(anonymous_8)
FN:153,(anonymous_9)
FN:156,(anonymous_10)
FN:163,(anonymous_11)
FN:164,(anonymous_12)
FN:167,(anonymous_13)
FN:169,(anonymous_14)
FN:195,(anonymous_15)
FN:209,(anonymous_16)
FN:216,(anonymous_17)
FN:232,startInlineEdit
FN:255,(anonymous_19)
FN:261,saveInlineEdit
FN:276,(anonymous_21)
FN:285,(anonymous_22)
FN:312,(anonymous_23)
FN:321,(anonymous_24)
FN:333,(anonymous_25)
FN:340,(anonymous_26)
FNF:27
FNH:0
FNDA:0,(anonymous_0)
FNDA:0,saveNotes
FNDA:0,createColorPicker
FNDA:0,(anonymous_3)
FNDA:0,renderNotes
FNDA:0,(anonymous_5)
FNDA:0,(anonymous_6)
FNDA:0,(anonymous_7)
FNDA:0,(anonymous_8)
FNDA:0,(anonymous_9)
FNDA:0,(anonymous_10)
FNDA:0,(anonymous_11)
FNDA:0,(anonymous_12)
FNDA:0,(anonymous_13)
FNDA:0,(anonymous_14)
FNDA:0,(anonymous_15)
FNDA:0,(anonymous_16)
FNDA:0,(anonymous_17)
FNDA:0,startInlineEdit
FNDA:0,(anonymous_19)
FNDA:0,saveInlineEdit
FNDA:0,(anonymous_21)
FNDA:0,(anonymous_22)
FNDA:0,(anonymous_23)
FNDA:0,(anonymous_24)
FNDA:0,(anonymous_25)
FNDA:0,(anonymous_26)
DA:2,0
DA:4,0
DA:16,0
DA:17,0
DA:19,0
DA:20,0
DA:21,0
DA:22,0
DA:24,0
DA:25,0
DA:26,0
DA:38,0
DA:39,0
DA:40,0
DA:43,0
DA:47,0
DA:52,0
DA:53,0
DA:55,0
DA:56,0
DA:57,0
DA:58,0
DA:59,0
DA:62,0
DA:65,0
DA:69,0
DA:70,0
DA:71,0
DA:72,0
DA:73,0
DA:74,0
DA:75,0
DA:76,0
DA:77,0
DA:78,0
DA:79,0
DA:80,0
DA:81,0
DA:82,0
DA:83,0
DA:84,0
DA:85,0
DA:86,0
DA:87,0
DA:89,0
DA:90,0
DA:91,0
DA:92,0
DA:93,0
DA:94,0
DA:95,0
DA:96,0
DA:97,0
DA:98,0
DA:99,0
DA:102,0
DA:103,0
DA:104,0
DA:105,0
DA:106,0
DA:107,0
DA:109,0
DA:110,0
DA:111,0
DA:112,0
DA:113,0
DA:114,0
DA:116,0
DA:117,0
DA:118,0
DA:119,0
DA:120,0
DA:121,0
DA:122,0
DA:123,0
DA:124,0
DA:125,0
DA:126,0
DA:128,0
DA:130,0
DA:131,0
DA:132,0
DA:133,0
DA:134,0
DA:135,0
DA:136,0
DA:137,0
DA:138,0
DA:139,0
DA:140,0
DA:141,0
DA:142,0
DA:144,0
DA:145,0
DA:147,0
DA:148,0
DA:149,0
DA:150,0
DA:151,0
DA:152,0
DA:153,0
DA:154,0
DA:155,0
DA:156,0
DA:157,0
DA:158,0
DA:161,0
DA:163,0
DA:164,0
DA:165,0
DA:166,0
DA:167,0
DA:169,0
DA:170,0
DA:171,0
DA:172,0
DA:178,0
DA:180,0
DA:182,0
DA:183,0
DA:185,0
DA:187,0
DA:188,0
DA:194,0
DA:195,0
DA:196,0
DA:201,0
DA:203,0
DA:204,0
DA:205,0
DA:206,0
DA:207,0
DA:209,0
DA:210,0
DA:211,0
DA:213,0
DA:214,0
DA:216,0
DA:217,0
DA:218,0
DA:220,0
DA:221,0
DA:222,0
DA:223,0
DA:227,0
DA:229,0
DA:234,0
DA:235,0
DA:237,0
DA:238,0
DA:239,0
DA:240,0
DA:241,0
DA:242,0
DA:243,0
DA:244,0
DA:245,0
DA:246,0
DA:247,0
DA:248,0
DA:249,0
DA:250,0
DA:251,0
DA:253,0
DA:255,0
DA:256,0
DA:257,0
DA:258,0
DA:262,0
DA:263,0
DA:264,0
DA:265,0
DA:267,0
DA:274,0
DA:275,0
DA:276,0
DA:277,0
DA:278,0
DA:282,0
DA:283,0
DA:285,0
DA:286,0
DA:287,0
DA:288,0
DA:289,0
DA:291,0
DA:292,0
DA:293,0
DA:295,0
DA:298,0
DA:305,0
DA:306,0
DA:307,0
DA:312,0
DA:313,0
DA:314,0
DA:315,0
DA:320,0
DA:321,0
DA:322,0
DA:323,0
DA:324,0
DA:325,0
DA:326,0
DA:327,0
DA:333,0
DA:334,0
DA:335,0
DA:339,0
DA:340,0
DA:341,0
DA:347,0
LF:212
LH:0
BRDA:43,0,0,0
BRDA:43,0,1,0
BRDA:74,1,0,0
BRDA:74,1,1,0
BRDA:85,2,0,0
BRDA:85,2,1,0
BRDA:92,3,0,0
BRDA:92,3,1,0
BRDA:103,4,0,0
BRDA:103,4,1,0
BRDA:149,5,0,0
BRDA:149,5,1,0
BRDA:157,6,0,0
BRDA:157,6,1,0
BRDA:172,7,0,0
BRDA:172,7,1,0
BRDA:173,8,0,0
BRDA:173,8,1,0
BRDA:173,8,2,0
BRDA:173,8,3,0
BRDA:182,9,0,0
BRDA:182,9,1,0
BRDA:196,10,0,0
BRDA:196,10,1,0
BRDA:197,11,0,0
BRDA:197,11,1,0
BRDA:197,11,2,0
BRDA:210,12,0,0
BRDA:210,12,1,0
BRDA:217,13,0,0
BRDA:217,13,1,0
BRDA:234,14,0,0
BRDA:234,14,1,0
BRDA:238,15,0,0
BRDA:238,15,1,0
BRDA:256,16,0,0
BRDA:256,16,1,0
BRDA:256,17,0,0
BRDA:256,17,1,0
BRDA:263,18,0,0
BRDA:263,18,1,0
BRDA:287,19,0,0
BRDA:287,19,1,0
BRDA:289,20,0,0
BRDA:289,20,1,0
BRDA:292,21,0,0
BRDA:292,21,1,0
BRDA:313,22,0,0
BRDA:313,22,1,0
BRDA:313,23,0,0
BRDA:313,23,1,0
BRDA:322,24,0,0
BRDA:322,24,1,0
BRDA:324,25,0,0
BRDA:324,25,1,0
BRDA:334,26,0,0
BRDA:334,26,1,0
BRDA:334,27,0,0
BRDA:334,27,1,0
BRDA:339,28,0,0
BRDA:339,28,1,0
BRF:61
BRH:0
end_of_record
TN:
SF:script.js
FN:1,initializeFavorites
FN:7,(anonymous_1)
FN:34,(anonymous_2)
FN:48,(anonymous_3)
FN:53,(anonymous_4)
FN:70,(anonymous_5)
FN:108,(anonymous_6)
FN:110,(anonymous_7)
FN:119,(anonymous_8)
FN:120,(anonymous_9)
FN:129,(anonymous_10)
FN:139,(anonymous_11)
FN:168,(anonymous_12)
FN:182,(anonymous_13)
FN:187,(anonymous_14)
FN:215,getSupabaseClient
FN:220,waitForSupabase
FN:221,(anonymous_17)
FN:225,(anonymous_18)
FN:232,checkAuthentication
FN:261,showAuthenticatedState
FN:278,showUnauthenticatedState
FN:301,addLogoutButton
FN:318,logout
FN:353,(anonymous_24)
FN:396,(anonymous_25)
FN:403,(anonymous_26)
FN:411,(anonymous_27)
FN:422,(anonymous_28)
FN:437,(anonymous_29)
FN:466,showHolidays
FN:475,closeHolidayModal
FN:479,(anonymous_32)
FN:484,loadHolidays
FN:506,(anonymous_34)
FN:519,(anonymous_35)
FN:577,updateNextHoliday
FN:579,(anonymous_37)
FN:612,prevMonth
FN:617,(anonymous_39)
FN:621,(anonymous_40)
FN:628,nextMonth
FN:633,(anonymous_42)
FN:637,(anonymous_43)
FN:645,(anonymous_44)
FN:655,(anonymous_45)
FN:665,updateClock
FN:671,updateDate
FN:690,isFavorite
FN:695,toggleFavorite
FN:712,renderFavorites
FN:745,(anonymous_51)
FN:747,(anonymous_52)
FN:761,(anonymous_53)
FN:767,(anonymous_54)
FN:782,(anonymous_55)
FN:794,(anonymous_56)
FN:828,(anonymous_57)
FN:831,(anonymous_58)
FN:843,initializeAccordions
FN:844,(anonymous_60)
FN:845,(anonymous_61)
FN:863,initializeNavbarLinks
FN:864,(anonymous_63)
FN:865,(anonymous_64)
FN:885,initializeTheme
FN:895,(anonymous_66)
FN:904,initializeSearch
FN:910,(anonymous_68)
FN:925,(anonymous_69)
FN:933,(anonymous_70)
FN:938,(anonymous_71)
FN:946,(anonymous_72)
FN:960,(anonymous_73)
FN:967,(anonymous_74)
FN:1015,showToast
FN:1021,(anonymous_76)
FN:1025,(anonymous_77)
FN:1027,(anonymous_78)
FN:1034,carregarAniversariantes
FN:1085,(anonymous_80)
FN:1108,(anonymous_81)
FN:1131,(anonymous_82)
FN:1213,(anonymous_83)
FN:1215,(anonymous_84)
FN:1238,(anonymous_85)
FN:1249,(anonymous_86)
FN:1272,(anonymous_87)
FN:1279,(anonymous_88)
FN:1294,showBirthdayModal
FN:1314,closeBirthdayModal
FN:1319,exibirAniversariantes
FN:1328,(anonymous_92)
FN:1358,updateWindowsClock
FN:1385,createFavoriteItem
FN:1399,(anonymous_95)
FN:1411,canBeRemoved
FN:1420,(anonymous_97)
FN:1423,checkEmptyFavorites
FN:1434,showBirthdayMessage
FN:1457,generateUserId
FN:1462,registerWebUser
FN:1470,(anonymous_102)
FN:1471,(anonymous_103)
FN:1483,(anonymous_104)
FN:1513,updateActiveUsers
FN:1519,(anonymous_106)
FN:1535,displayWebUsers
FN:1554,(anonymous_108)
FN:1574,registerUserActivity
FN:1576,(anonymous_110)
FN:1577,(anonymous_111)
FNF:112
FNH:0
FNDA:0,initializeFavorites
FNDA:0,(anonymous_1)
FNDA:0,(anonymous_2)
FNDA:0,(anonymous_3)
FNDA:0,(anonymous_4)
FNDA:0,(anonymous_5)
FNDA:0,(anonymous_6)
FNDA:0,(anonymous_7)
FNDA:0,(anonymous_8)
FNDA:0,(anonymous_9)
FNDA:0,(anonymous_10)
FNDA:0,(anonymous_11)
FNDA:0,(anonymous_12)
FNDA:0,(anonymous_13)
FNDA:0,(anonymous_14)
FNDA:0,getSupabaseClient
FNDA:0,waitForSupabase
FNDA:0,(anonymous_17)
FNDA:0,(anonymous_18)
FNDA:0,checkAuthentication
FNDA:0,showAuthenticatedState
FNDA:0,showUnauthenticatedState
FNDA:0,addLogoutButton
FNDA:0,logout
FNDA:0,(anonymous_24)
FNDA:0,(anonymous_25)
FNDA:0,(anonymous_26)
FNDA:0,(anonymous_27)
FNDA:0,(anonymous_28)
FNDA:0,(anonymous_29)
FNDA:0,showHolidays
FNDA:0,closeHolidayModal
FNDA:0,(anonymous_32)
FNDA:0,loadHolidays
FNDA:0,(anonymous_34)
FNDA:0,(anonymous_35)
FNDA:0,updateNextHoliday
FNDA:0,(anonymous_37)
FNDA:0,prevMonth
FNDA:0,(anonymous_39)
FNDA:0,(anonymous_40)
FNDA:0,nextMonth
FNDA:0,(anonymous_42)
FNDA:0,(anonymous_43)
FNDA:0,(anonymous_44)
FNDA:0,(anonymous_45)
FNDA:0,updateClock
FNDA:0,updateDate
FNDA:0,isFavorite
FNDA:0,toggleFavorite
FNDA:0,renderFavorites
FNDA:0,(anonymous_51)
FNDA:0,(anonymous_52)
FNDA:0,(anonymous_53)
FNDA:0,(anonymous_54)
FNDA:0,(anonymous_55)
FNDA:0,(anonymous_56)
FNDA:0,(anonymous_57)
FNDA:0,(anonymous_58)
FNDA:0,initializeAccordions
FNDA:0,(anonymous_60)
FNDA:0,(anonymous_61)
FNDA:0,initializeNavbarLinks
FNDA:0,(anonymous_63)
FNDA:0,(anonymous_64)
FNDA:0,initializeTheme
FNDA:0,(anonymous_66)
FNDA:0,initializeSearch
FNDA:0,(anonymous_68)
FNDA:0,(anonymous_69)
FNDA:0,(anonymous_70)
FNDA:0,(anonymous_71)
FNDA:0,(anonymous_72)
FNDA:0,(anonymous_73)
FNDA:0,(anonymous_74)
FNDA:0,showToast
FNDA:0,(anonymous_76)
FNDA:0,(anonymous_77)
FNDA:0,(anonymous_78)
FNDA:0,carregarAniversariantes
FNDA:0,(anonymous_80)
FNDA:0,(anonymous_81)
FNDA:0,(anonymous_82)
FNDA:0,(anonymous_83)
FNDA:0,(anonymous_84)
FNDA:0,(anonymous_85)
FNDA:0,(anonymous_86)
FNDA:0,(anonymous_87)
FNDA:0,(anonymous_88)
FNDA:0,showBirthdayModal
FNDA:0,closeBirthdayModal
FNDA:0,exibirAniversariantes
FNDA:0,(anonymous_92)
FNDA:0,updateWindowsClock
FNDA:0,createFavoriteItem
FNDA:0,(anonymous_95)
FNDA:0,canBeRemoved
FNDA:0,(anonymous_97)
FNDA:0,checkEmptyFavorites
FNDA:0,showBirthdayMessage
FNDA:0,generateUserId
FNDA:0,registerWebUser
FNDA:0,(anonymous_102)
FNDA:0,(anonymous_103)
FNDA:0,(anonymous_104)
FNDA:0,updateActiveUsers
FNDA:0,(anonymous_106)
FNDA:0,displayWebUsers
FNDA:0,(anonymous_108)
FNDA:0,registerUserActivity
FNDA:0,(anonymous_110)
FNDA:0,(anonymous_111)
DA:3,0
DA:4,0
DA:7,0
DA:9,0
DA:10,0
DA:11,0
DA:15,0
DA:16,0
DA:19,0
DA:31,0
DA:34,0
DA:35,0
DA:36,0
DA:37,0
DA:40,0
DA:41,0
DA:42,0
DA:43,0
DA:44,0
DA:48,0
DA:49,0
DA:50,0
DA:53,0
DA:54,0
DA:55,0
DA:57,0
DA:61,0
DA:62,0
DA:66,0
DA:70,0
DA:72,0
DA:73,0
DA:74,0
DA:75,0
DA:78,0
DA:81,0
DA:84,0
DA:87,0
DA:90,0
DA:91,0
DA:93,0
DA:94,0
DA:96,0
DA:100,0
DA:101,0
DA:102,0
DA:110,0
DA:111,0
DA:116,0
DA:117,0
DA:118,0
DA:119,0
DA:120,0
DA:121,0
DA:122,0
DA:129,0
DA:130,0
DA:131,0
DA:134,0
DA:137,0
DA:139,0
DA:141,0
DA:142,0
DA:143,0
DA:147,0
DA:148,0
DA:151,0
DA:163,0
DA:168,0
DA:169,0
DA:170,0
DA:171,0
DA:174,0
DA:175,0
DA:176,0
DA:177,0
DA:178,0
DA:182,0
DA:183,0
DA:184,0
DA:187,0
DA:188,0
DA:189,0
DA:191,0
DA:195,0
DA:196,0
DA:204,0
DA:207,0
DA:210,0
DA:216,0
DA:221,0
DA:222,0
DA:223,0
DA:225,0
DA:226,0
DA:233,0
DA:235,0
DA:237,0
DA:238,0
DA:241,0
DA:245,0
DA:247,0
DA:249,0
DA:252,0
DA:256,0
DA:262,0
DA:263,0
DA:265,0
DA:266,0
DA:269,0
DA:270,0
DA:274,0
DA:279,0
DA:280,0
DA:281,0
DA:283,0
DA:284,0
DA:287,0
DA:288,0
DA:291,0
DA:292,0
DA:297,0
DA:302,0
DA:303,0
DA:305,0
DA:306,0
DA:307,0
DA:308,0
DA:309,0
DA:310,0
DA:311,0
DA:313,0
DA:319,0
DA:320,0
DA:321,0
DA:322,0
DA:323,0
DA:324,0
DA:328,0
DA:333,0
DA:334,0
DA:339,0
DA:340,0
DA:341,0
DA:344,0
DA:349,0
DA:350,0
DA:352,0
DA:353,0
DA:354,0
DA:357,0
DA:360,0
DA:363,0
DA:367,0
DA:368,0
DA:369,0
DA:370,0
DA:375,0
DA:376,0
DA:377,0
DA:378,0
DA:380,0
DA:381,0
DA:382,0
DA:383,0
DA:385,0
DA:388,0
DA:391,0
DA:392,0
DA:393,0
DA:395,0
DA:396,0
DA:397,0
DA:398,0
DA:399,0
DA:403,0
DA:404,0
DA:405,0
DA:406,0
DA:411,0
DA:412,0
DA:413,0
DA:414,0
DA:420,0
DA:422,0
DA:423,0
DA:424,0
DA:425,0
DA:426,0
DA:427,0
DA:430,0
DA:431,0
DA:432,0
DA:433,0
DA:434,0
DA:435,0
DA:437,0
DA:438,0
DA:439,0
DA:440,0
DA:441,0
DA:442,0
DA:443,0
DA:444,0
DA:450,0
DA:451,0
DA:467,0
DA:468,0
DA:470,0
DA:471,0
DA:472,0
DA:476,0
DA:477,0
DA:479,0
DA:480,0
DA:485,0
DA:487,0
DA:489,0
DA:496,0
DA:497,0
DA:498,0
DA:500,0
DA:503,0
DA:506,0
DA:507,0
DA:508,0
DA:512,0
DA:514,0
DA:515,0
DA:516,0
DA:519,0
DA:520,0
DA:521,0
DA:523,0
DA:524,0
DA:525,0
DA:528,0
DA:529,0
DA:530,0
DA:533,0
DA:534,0
DA:536,0
DA:537,0
DA:538,0
DA:539,0
DA:540,0
DA:541,0
DA:542,0
DA:543,0
DA:544,0
DA:546,0
DA:549,0
DA:557,0
DA:561,0
DA:563,0
DA:564,0
DA:578,0
DA:579,0
DA:580,0
DA:581,0
DA:582,0
DA:585,0
DA:586,0
DA:587,0
DA:588,0
DA:593,0
DA:608,0
DA:613,0
DA:614,0
DA:615,0
DA:617,0
DA:618,0
DA:619,0
DA:621,0
DA:622,0
DA:623,0
DA:629,0
DA:630,0
DA:631,0
DA:633,0
DA:634,0
DA:635,0
DA:637,0
DA:638,0
DA:639,0
DA:645,0
DA:646,0
DA:647,0
DA:649,0
DA:650,0
DA:655,0
DA:656,0
DA:657,0
DA:658,0
DA:659,0
DA:666,0
DA:667,0
DA:668,0
DA:672,0
DA:673,0
DA:674,0
DA:676,0
DA:685,0
DA:686,0
DA:691,0
DA:692,0
DA:696,0
DA:697,0
DA:698,0
DA:700,0
DA:701,0
DA:702,0
DA:704,0
DA:705,0
DA:708,0
DA:709,0
DA:713,0
DA:714,0
DA:717,0
DA:718,0
DA:721,0
DA:723,0
DA:724,0
DA:737,0
DA:741,0
DA:742,0
DA:743,0
DA:745,0
DA:746,0
DA:747,0
DA:750,0
DA:751,0
DA:752,0
DA:753,0
DA:755,0
DA:756,0
DA:760,0
DA:761,0
DA:762,0
DA:763,0
DA:767,0
DA:768,0
DA:769,0
DA:774,0
DA:782,0
DA:783,0
DA:784,0
DA:785,0
DA:786,0
DA:787,0
DA:788,0
DA:789,0
DA:790,0
DA:792,0
DA:794,0
DA:795,0
DA:796,0
DA:797,0
DA:798,0
DA:800,0
DA:803,0
DA:804,0
DA:805,0
DA:808,0
DA:809,0
DA:811,0
DA:813,0
DA:816,0
DA:821,0
DA:822,0
DA:829,0
DA:831,0
DA:833,0
DA:834,0
DA:835,0
DA:844,0
DA:845,0
DA:846,0
DA:847,0
DA:850,0
DA:851,0
DA:854,0
DA:857,0
DA:864,0
DA:865,0
DA:866,0
DA:867,0
DA:868,0
DA:870,0
DA:871,0
DA:874,0
DA:875,0
DA:876,0
DA:877,0
DA:886,0
DA:887,0
DA:888,0
DA:890,0
DA:891,0
DA:892,0
DA:895,0
DA:896,0
DA:897,0
DA:898,0
DA:899,0
DA:905,0
DA:906,0
DA:907,0
DA:910,0
DA:911,0
DA:912,0
DA:913,0
DA:915,0
DA:925,0
DA:926,0
DA:928,0
DA:929,0
DA:930,0
DA:933,0
DA:935,0
DA:937,0
DA:938,0
DA:939,0
DA:940,0
DA:941,0
DA:946,0
DA:947,0
DA:948,0
DA:949,0
DA:951,0
DA:953,0
DA:955,0
DA:960,0
DA:961,0
DA:962,0
DA:967,0
DA:968,0
DA:969,0
DA:972,0
DA:974,0
DA:975,0
DA:976,0
DA:978,0
DA:979,0
DA:981,0
DA:984,0
DA:985,0
DA:986,0
DA:988,0
DA:989,0
DA:991,0
DA:994,0
DA:995,0
DA:996,0
DA:998,0
DA:1001,0
DA:1002,0
DA:1003,0
DA:1006,0
DA:1007,0
DA:1008,0
DA:1009,0
DA:1016,0
DA:1017,0
DA:1018,0
DA:1019,0
DA:1021,0
DA:1022,0
DA:1025,0
DA:1026,0
DA:1027,0
DA:1028,0
DA:1035,0
DA:1037,0
DA:1055,0
DA:1056,0
DA:1057,0
DA:1060,0
DA:1061,0
DA:1062,0
DA:1063,0
DA:1066,0
DA:1067,0
DA:1068,0
DA:1071,0
DA:1072,0
DA:1076,0
DA:1077,0
DA:1078,0
DA:1080,0
DA:1083,0
DA:1085,0
DA:1086,0
DA:1087,0
DA:1088,0
DA:1089,0
DA:1090,0
DA:1093,0
DA:1094,0
DA:1095,0
DA:1100,0
DA:1102,0
DA:1103,0
DA:1108,0
DA:1109,0
DA:1110,0
DA:1111,0
DA:1114,0
DA:1115,0
DA:1116,0
DA:1119,0
DA:1120,0
DA:1126,0
DA:1129,0
DA:1131,0
DA:1132,0
DA:1133,0
DA:1134,0
DA:1137,0
DA:1138,0
DA:1140,0
DA:1141,0
DA:1142,0
DA:1145,0
DA:1148,0
DA:1149,0
DA:1150,0
DA:1151,0
DA:1152,0
DA:1153,0
DA:1154,0
DA:1158,0
DA:1182,0
DA:1212,0
DA:1213,0
DA:1215,0
DA:1216,0
DA:1217,0
DA:1222,0
DA:1225,0
DA:1226,0
DA:1227,0
DA:1231,0
DA:1236,0
DA:1238,0
DA:1239,0
DA:1248,0
DA:1250,0
DA:1261,0
DA:1264,0
DA:1265,0
DA:1267,0
DA:1272,0
DA:1273,0
DA:1274,0
DA:1277,0
DA:1278,0
DA:1279,0
DA:1283,0
DA:1284,0
DA:1295,0
DA:1296,0
DA:1298,0
DA:1304,0
DA:1307,0
DA:1315,0
DA:1316,0
DA:1320,0
DA:1321,0
DA:1323,0
DA:1324,0
DA:1325,0
DA:1328,0
DA:1329,0
DA:1330,0
DA:1332,0
DA:1333,0
DA:1334,0
DA:1336,0
DA:1337,0
DA:1339,0
DA:1340,0
DA:1341,0
DA:1343,0
DA:1344,0
DA:1345,0
DA:1347,0
DA:1348,0
DA:1350,0
DA:1351,0
DA:1353,0
DA:1359,0
DA:1362,0
DA:1363,0
DA:1364,0
DA:1367,0
DA:1368,0
DA:1369,0
DA:1373,0
DA:1374,0
DA:1375,0
DA:1376,0
DA:1379,0
DA:1380,0
DA:1381,0
DA:1386,0
DA:1387,0
DA:1388,0
DA:1390,0
DA:1391,0
DA:1393,0
DA:1394,0
DA:1396,0
DA:1397,0
DA:1398,0
DA:1399,0
DA:1400,0
DA:1401,0
DA:1404,0
DA:1405,0
DA:1406,0
DA:1408,0
DA:1412,0
DA:1420,0
DA:1424,0
DA:1425,0
DA:1427,0
DA:1428,0
DA:1430,0
DA:1438,0
DA:1440,0
DA:1447,0
DA:1450,0
DA:1458,0
DA:1463,0
DA:1464,0
DA:1467,0
DA:1469,0
DA:1470,0
DA:1472,0
DA:1473,0
DA:1476,0
DA:1477,0
DA:1481,0
DA:1484,0
DA:1485,0
DA:1486,0
DA:1489,0
DA:1490,0
DA:1494,0
DA:1498,0
DA:1499,0
DA:1503,0
DA:1506,0
DA:1507,0
DA:1509,0
DA:1514,0
DA:1515,0
DA:1516,0
DA:1519,0
DA:1520,0
DA:1521,0
DA:1526,0
DA:1527,0
DA:1530,0
DA:1531,0
DA:1536,0
DA:1537,0
DA:1538,0
DA:1541,0
DA:1543,0
DA:1544,0
DA:1550,0
DA:1553,0
DA:1554,0
DA:1555,0
DA:1556,0
DA:1557,0
DA:1562,0
DA:1566,0
DA:1567,0
DA:1568,0
DA:1569,0
DA:1575,0
DA:1576,0
DA:1577,0
DA:1578,0
DA:1579,0
DA:1580,0
DA:1581,0
DA:1582,0
LF:691
LH:0
BRDA:4,0,0,0
BRDA:4,0,1,0
BRDA:10,1,0,0
BRDA:10,1,1,0
BRDA:16,2,0,0
BRDA:16,2,1,0
BRDA:26,3,0,0
BRDA:26,3,1,0
BRDA:27,4,0,0
BRDA:27,4,1,0
BRDA:31,5,0,0
BRDA:31,5,1,0
BRDA:41,6,0,0
BRDA:41,6,1,0
BRDA:42,7,0,0
BRDA:42,7,1,0
BRDA:43,8,0,0
BRDA:43,8,1,0
BRDA:44,9,0,0
BRDA:44,9,1,0
BRDA:54,10,0,0
BRDA:54,10,1,0
BRDA:91,11,0,0
BRDA:91,11,1,0
BRDA:101,12,0,0
BRDA:101,12,1,0
BRDA:116,13,0,0
BRDA:116,13,1,0
BRDA:117,14,0,0
BRDA:117,14,1,0
BRDA:121,15,0,0
BRDA:121,15,1,0
BRDA:137,16,0,0
BRDA:137,16,1,0
BRDA:142,17,0,0
BRDA:142,17,1,0
BRDA:148,18,0,0
BRDA:148,18,1,0
BRDA:158,19,0,0
BRDA:158,19,1,0
BRDA:159,20,0,0
BRDA:159,20,1,0
BRDA:163,21,0,0
BRDA:163,21,1,0
BRDA:175,22,0,0
BRDA:175,22,1,0
BRDA:176,23,0,0
BRDA:176,23,1,0
BRDA:177,24,0,0
BRDA:177,24,1,0
BRDA:178,25,0,0
BRDA:178,25,1,0
BRDA:188,26,0,0
BRDA:188,26,1,0
BRDA:222,27,0,0
BRDA:222,27,1,0
BRDA:235,28,0,0
BRDA:235,28,1,0
BRDA:247,29,0,0
BRDA:247,29,1,0
BRDA:247,30,0,0
BRDA:247,30,1,0
BRDA:265,31,0,0
BRDA:265,31,1,0
BRDA:269,32,0,0
BRDA:269,32,1,0
BRDA:283,33,0,0
BRDA:283,33,1,0
BRDA:287,34,0,0
BRDA:287,34,1,0
BRDA:291,35,0,0
BRDA:291,35,1,0
BRDA:305,36,0,0
BRDA:305,36,1,0
BRDA:305,37,0,0
BRDA:305,37,1,0
BRDA:320,38,0,0
BRDA:320,38,1,0
BRDA:323,39,0,0
BRDA:323,39,1,0
BRDA:352,40,0,0
BRDA:352,40,1,0
BRDA:352,41,0,0
BRDA:352,41,1,0
BRDA:363,42,0,0
BRDA:363,42,1,0
BRDA:368,43,0,0
BRDA:368,43,1,0
BRDA:380,44,0,0
BRDA:380,44,1,0
BRDA:380,45,0,0
BRDA:380,45,1,0
BRDA:382,46,0,0
BRDA:382,46,1,0
BRDA:382,47,0,0
BRDA:382,47,1,0
BRDA:395,48,0,0
BRDA:395,48,1,0
BRDA:395,49,0,0
BRDA:395,49,1,0
BRDA:404,50,0,0
BRDA:404,50,1,0
BRDA:404,51,0,0
BRDA:404,51,1,0
BRDA:412,52,0,0
BRDA:412,52,1,0
BRDA:412,53,0,0
BRDA:412,53,1,0
BRDA:426,54,0,0
BRDA:426,54,1,0
BRDA:430,55,0,0
BRDA:430,55,1,0
BRDA:431,56,0,0
BRDA:431,56,1,0
BRDA:432,57,0,0
BRDA:432,57,1,0
BRDA:434,58,0,0
BRDA:434,58,1,0
BRDA:438,59,0,0
BRDA:438,59,1,0
BRDA:442,60,0,0
BRDA:442,60,1,0
BRDA:443,61,0,0
BRDA:443,61,1,0
BRDA:443,62,0,0
BRDA:443,62,1,0
BRDA:497,63,0,0
BRDA:497,63,1,0
BRDA:514,64,0,0
BRDA:514,64,1,0
BRDA:536,65,0,0
BRDA:536,65,1,0
BRDA:539,66,0,0
BRDA:539,66,1,0
BRDA:542,67,0,0
BRDA:542,67,1,0
BRDA:585,68,0,0
BRDA:585,68,1,0
BRDA:649,69,0,0
BRDA:649,69,1,0
BRDA:649,70,0,0
BRDA:649,70,1,0
BRDA:656,71,0,0
BRDA:656,71,1,0
BRDA:658,72,0,0
BRDA:658,72,1,0
BRDA:691,73,0,0
BRDA:691,73,1,0
BRDA:697,74,0,0
BRDA:697,74,1,0
BRDA:700,75,0,0
BRDA:700,75,1,0
BRDA:714,76,0,0
BRDA:714,76,1,0
BRDA:717,77,0,0
BRDA:717,77,1,0
BRDA:723,78,0,0
BRDA:723,78,1,0
BRDA:750,79,0,0
BRDA:750,79,1,0
BRDA:755,80,0,0
BRDA:755,80,1,0
BRDA:756,81,0,0
BRDA:756,81,1,0
BRDA:760,82,0,0
BRDA:760,82,1,0
BRDA:762,83,0,0
BRDA:762,83,1,0
BRDA:768,84,0,0
BRDA:768,84,1,0
BRDA:768,85,0,0
BRDA:768,85,1,0
BRDA:783,86,0,0
BRDA:783,86,1,0
BRDA:786,87,0,0
BRDA:786,87,1,0
BRDA:788,88,0,0
BRDA:788,88,1,0
BRDA:795,89,0,0
BRDA:795,89,1,0
BRDA:804,90,0,0
BRDA:804,90,1,0
BRDA:821,91,0,0
BRDA:821,91,1,0
BRDA:833,92,0,0
BRDA:833,92,1,0
BRDA:854,93,0,0
BRDA:854,93,1,0
BRDA:857,94,0,0
BRDA:857,94,1,0
BRDA:870,95,0,0
BRDA:870,95,1,0
BRDA:876,96,0,0
BRDA:876,96,1,0
BRDA:876,97,0,0
BRDA:876,97,1,0
BRDA:876,97,2,0
BRDA:890,98,0,0
BRDA:890,98,1,0
BRDA:899,99,0,0
BRDA:899,99,1,0
BRDA:912,100,0,0
BRDA:912,100,1,0
BRDA:913,101,0,0
BRDA:913,101,1,0
BRDA:928,102,0,0
BRDA:928,102,1,0
BRDA:937,103,0,0
BRDA:937,103,1,0
BRDA:944,104,0,0
BRDA:944,104,1,0
BRDA:961,105,0,0
BRDA:961,105,1,0
BRDA:961,106,0,0
BRDA:961,106,1,0
BRDA:972,107,0,0
BRDA:972,107,1,0
BRDA:972,107,2,0
BRDA:972,107,3,0
BRDA:975,108,0,0
BRDA:975,108,1,0
BRDA:979,109,0,0
BRDA:979,109,1,0
BRDA:985,110,0,0
BRDA:985,110,1,0
BRDA:989,111,0,0
BRDA:989,111,1,0
BRDA:994,112,0,0
BRDA:994,112,1,0
BRDA:1006,113,0,0
BRDA:1006,113,1,0
BRDA:1055,114,0,0
BRDA:1055,114,1,0
BRDA:1062,115,0,0
BRDA:1062,115,1,0
BRDA:1067,116,0,0
BRDA:1067,116,1,0
BRDA:1067,117,0,0
BRDA:1067,117,1,0
BRDA:1087,118,0,0
BRDA:1087,118,1,0
BRDA:1089,119,0,0
BRDA:1089,119,1,0
BRDA:1094,120,0,0
BRDA:1094,120,1,0
BRDA:1115,121,0,0
BRDA:1115,121,1,0
BRDA:1119,122,0,0
BRDA:1119,122,1,0
BRDA:1132,123,0,0
BRDA:1132,123,1,0
BRDA:1132,124,0,0
BRDA:1132,124,1,0
BRDA:1141,125,0,0
BRDA:1141,125,1,0
BRDA:1145,126,0,0
BRDA:1145,126,1,0
BRDA:1158,127,0,0
BRDA:1158,127,1,0
BRDA:1185,128,0,0
BRDA:1185,128,1,0
BRDA:1194,129,0,0
BRDA:1194,129,1,0
BRDA:1198,130,0,0
BRDA:1198,130,1,0
BRDA:1216,131,0,0
BRDA:1216,131,1,0
BRDA:1226,132,0,0
BRDA:1226,132,1,0
BRDA:1236,133,0,0
BRDA:1236,133,1,0
BRDA:1264,134,0,0
BRDA:1264,134,1,0
BRDA:1277,135,0,0
BRDA:1277,135,1,0
BRDA:1323,136,0,0
BRDA:1323,136,1,0
BRDA:1368,137,0,0
BRDA:1368,137,1,0
BRDA:1380,138,0,0
BRDA:1380,138,1,0
BRDA:1427,139,0,0
BRDA:1427,139,1,0
BRDA:1427,140,0,0
BRDA:1427,140,1,0
BRDA:1438,141,0,0
BRDA:1438,141,1,0
BRDA:1463,142,0,0
BRDA:1463,142,1,0
BRDA:1467,143,0,0
BRDA:1467,143,1,0
BRDA:1472,144,0,0
BRDA:1472,144,1,0
BRDA:1476,145,0,0
BRDA:1476,145,1,0
BRDA:1489,146,0,0
BRDA:1489,146,1,0
BRDA:1498,147,0,0
BRDA:1498,147,1,0
BRDA:1515,148,0,0
BRDA:1515,148,1,0
BRDA:1520,149,0,0
BRDA:1520,149,1,0
BRDA:1526,150,0,0
BRDA:1526,150,1,0
BRDA:1537,151,0,0
BRDA:1537,151,1,0
BRDA:1543,152,0,0
BRDA:1543,152,1,0
BRDA:1568,153,0,0
BRDA:1568,153,1,0
BRDA:1578,154,0,0
BRDA:1578,154,1,0
BRDA:1580,155,0,0
BRDA:1580,155,1,0
BRF:315
BRH:0
end_of_record
TN:
SF:settings.js
FN:2,getSupabaseClient
FN:6,waitForSupabase
FN:7,(anonymous_2)
FN:11,(anonymous_3)
FN:20,(anonymous_4)
FN:26,(anonymous_5)
FN:46,(anonymous_6)
FN:62,(anonymous_7)
FN:85,(anonymous_8)
FN:101,(anonymous_9)
FN:109,(anonymous_10)
FN:115,(anonymous_11)
FN:117,(anonymous_12)
FN:123,(anonymous_13)
FN:129,(anonymous_14)
FN:135,(anonymous_15)
FN:140,(anonymous_16)
FN:145,(anonymous_17)
FN:151,(anonymous_18)
FN:219,(anonymous_19)
FN:285,(anonymous_20)
FN:343,(anonymous_21)
FN:397,(anonymous_22)
FN:418,(anonymous_23)
FN:438,(anonymous_24)
FN:465,(anonymous_25)
FN:470,(anonymous_26)
FN:476,(anonymous_27)
FN:487,(anonymous_28)
FN:555,(anonymous_29)
FN:561,(anonymous_30)
FN:567,(anonymous_31)
FN:576,(anonymous_32)
FN:586,(anonymous_33)
FN:591,(anonymous_34)
FN:602,(anonymous_35)
FN:636,confirmDeleteAccount
FN:641,deleteAccount
FN:645,logout
FNF:39
FNH:0
FNDA:0,getSupabaseClient
FNDA:0,waitForSupabase
FNDA:0,(anonymous_2)
FNDA:0,(anonymous_3)
FNDA:0,(anonymous_4)
FNDA:0,(anonymous_5)
FNDA:0,(anonymous_6)
FNDA:0,(anonymous_7)
FNDA:0,(anonymous_8)
FNDA:0,(anonymous_9)
FNDA:0,(anonymous_10)
FNDA:0,(anonymous_11)
FNDA:0,(anonymous_12)
FNDA:0,(anonymous_13)
FNDA:0,(anonymous_14)
FNDA:0,(anonymous_15)
FNDA:0,(anonymous_16)
FNDA:0,(anonymous_17)
FNDA:0,(anonymous_18)
FNDA:0,(anonymous_19)
FNDA:0,(anonymous_20)
FNDA:0,(anonymous_21)
FNDA:0,(anonymous_22)
FNDA:0,(anonymous_23)
FNDA:0,(anonymous_24)
FNDA:0,(anonymous_25)
FNDA:0,(anonymous_26)
FNDA:0,(anonymous_27)
FNDA:0,(anonymous_28)
FNDA:0,(anonymous_29)
FNDA:0,(anonymous_30)
FNDA:0,(anonymous_31)
FNDA:0,(anonymous_32)
FNDA:0,(anonymous_33)
FNDA:0,(anonymous_34)
FNDA:0,(anonymous_35)
FNDA:0,confirmDeleteAccount
FNDA:0,deleteAccount
FNDA:0,logout
DA:3,0
DA:7,0
DA:8,0
DA:9,0
DA:11,0
DA:12,0
DA:21,0
DA:22,0
DA:23,0
DA:28,0
DA:31,0
DA:34,0
DA:37,0
DA:40,0
DA:43,0
DA:47,0
DA:51,0
DA:53,0
DA:55,0
DA:56,0
DA:59,0
DA:63,0
DA:64,0
DA:68,0
DA:69,0
DA:75,0
DA:76,0
DA:79,0
DA:82,0
DA:86,0
DA:87,0
DA:88,0
DA:89,0
DA:92,0
DA:93,0
DA:95,0
DA:96,0
DA:97,0
DA:98,0
DA:102,0
DA:104,0
DA:106,0
DA:107,0
DA:109,0
DA:110,0
DA:117,0
DA:118,0
DA:119,0
DA:123,0
DA:124,0
DA:125,0
DA:129,0
DA:130,0
DA:131,0
DA:135,0
DA:136,0
DA:140,0
DA:141,0
DA:145,0
DA:146,0
DA:147,0
DA:152,0
DA:153,0
DA:155,0
DA:156,0
DA:159,0
DA:160,0
DA:162,0
DA:163,0
DA:165,0
DA:166,0
DA:170,0
DA:171,0
DA:174,0
DA:182,0
DA:188,0
DA:189,0
DA:193,0
DA:197,0
DA:198,0
DA:201,0
DA:204,0
DA:206,0
DA:207,0
DA:209,0
DA:210,0
DA:213,0
DA:215,0
DA:220,0
DA:221,0
DA:222,0
DA:224,0
DA:225,0
DA:228,0
DA:229,0
DA:231,0
DA:232,0
DA:234,0
DA:239,0
DA:240,0
DA:244,0
DA:248,0
DA:249,0
DA:253,0
DA:254,0
DA:263,0
DA:266,0
DA:269,0
DA:270,0
DA:272,0
DA:273,0
DA:275,0
DA:276,0
DA:279,0
DA:281,0
DA:286,0
DA:287,0
DA:288,0
DA:290,0
DA:291,0
DA:293,0
DA:295,0
DA:296,0
DA:300,0
DA:303,0
DA:304,0
DA:305,0
DA:309,0
DA:322,0
DA:323,0
DA:324,0
DA:328,0
DA:330,0
DA:332,0
DA:333,0
DA:339,0
DA:344,0
DA:346,0
DA:347,0
DA:348,0
DA:354,0
DA:355,0
DA:356,0
DA:357,0
DA:361,0
DA:368,0
DA:369,0
DA:370,0
DA:371,0
DA:373,0
DA:376,0
DA:377,0
DA:379,0
DA:381,0
DA:384,0
DA:386,0
DA:390,0
DA:393,0
DA:398,0
DA:401,0
DA:403,0
DA:404,0
DA:405,0
DA:406,0
DA:409,0
DA:410,0
DA:412,0
DA:419,0
DA:421,0
DA:422,0
DA:423,0
DA:425,0
DA:428,0
DA:429,0
DA:430,0
DA:432,0
DA:435,0
DA:439,0
DA:441,0
DA:442,0
DA:443,0
DA:445,0
DA:448,0
DA:449,0
DA:450,0
DA:452,0
DA:455,0
DA:456,0
DA:457,0
DA:459,0
DA:462,0
DA:466,0
DA:467,0
DA:472,0
DA:473,0
DA:477,0
DA:478,0
DA:480,0
DA:481,0
DA:482,0
DA:483,0
DA:488,0
DA:489,0
DA:490,0
DA:492,0
DA:493,0
DA:494,0
DA:495,0
DA:496,0
DA:499,0
DA:500,0
DA:503,0
DA:504,0
DA:506,0
DA:509,0
DA:510,0
DA:512,0
DA:515,0
DA:516,0
DA:518,0
DA:521,0
DA:522,0
DA:524,0
DA:527,0
DA:528,0
DA:530,0
DA:534,0
DA:535,0
DA:536,0
DA:537,0
DA:538,0
DA:539,0
DA:540,0
DA:541,0
DA:542,0
DA:544,0
DA:545,0
DA:546,0
DA:549,0
DA:550,0
DA:556,0
DA:557,0
DA:558,0
DA:562,0
DA:563,0
DA:564,0
DA:568,0
DA:569,0
DA:570,0
DA:572,0
DA:577,0
DA:578,0
DA:587,0
DA:588,0
DA:592,0
DA:598,0
DA:603,0
DA:605,0
DA:606,0
DA:608,0
DA:610,0
DA:612,0
DA:615,0
DA:617,0
DA:618,0
DA:622,0
DA:624,0
DA:625,0
DA:627,0
DA:628,0
DA:630,0
DA:637,0
DA:638,0
DA:642,0
DA:646,0
DA:647,0
DA:648,0
DA:649,0
DA:650,0
DA:653,0
DA:655,0
DA:656,0
DA:661,0
DA:664,0
LF:284
LH:0
BRDA:8,0,0,0
BRDA:8,0,1,0
BRDA:53,1,0,0
BRDA:53,1,1,0
BRDA:53,2,0,0
BRDA:53,2,1,0
BRDA:63,3,0,0
BRDA:63,3,1,0
BRDA:75,4,0,0
BRDA:75,4,1,0
BRDA:75,5,0,0
BRDA:75,5,1,0
BRDA:92,6,0,0
BRDA:92,6,1,0
BRDA:92,6,2,0
BRDA:104,7,0,0
BRDA:104,7,1,0
BRDA:106,8,0,0
BRDA:106,8,1,0
BRDA:155,9,0,0
BRDA:155,9,1,0
BRDA:165,10,0,0
BRDA:165,10,1,0
BRDA:170,11,0,0
BRDA:170,11,1,0
BRDA:188,12,0,0
BRDA:188,12,1,0
BRDA:197,13,0,0
BRDA:197,13,1,0
BRDA:209,14,0,0
BRDA:209,14,1,0
BRDA:224,15,0,0
BRDA:224,15,1,0
BRDA:239,16,0,0
BRDA:239,16,1,0
BRDA:248,17,0,0
BRDA:248,17,1,0
BRDA:253,18,0,0
BRDA:253,18,1,0
BRDA:275,19,0,0
BRDA:275,19,1,0
BRDA:295,20,0,0
BRDA:295,20,1,0
BRDA:304,21,0,0
BRDA:304,21,1,0
BRDA:322,22,0,0
BRDA:322,22,1,0
BRDA:324,23,0,0
BRDA:324,23,1,0
BRDA:346,24,0,0
BRDA:346,24,1,0
BRDA:355,25,0,0
BRDA:355,25,1,0
BRDA:368,26,0,0
BRDA:368,26,1,0
BRDA:369,27,0,0
BRDA:369,27,1,0
BRDA:379,28,0,0
BRDA:379,28,1,0
BRDA:382,29,0,0
BRDA:382,29,1,0
BRDA:390,30,0,0
BRDA:390,30,1,0
BRDA:403,31,0,0
BRDA:403,31,1,0
BRDA:405,32,0,0
BRDA:405,32,1,0
BRDA:409,33,0,0
BRDA:409,33,1,0
BRDA:409,34,0,0
BRDA:409,34,1,0
BRDA:421,35,0,0
BRDA:421,35,1,0
BRDA:421,36,0,0
BRDA:421,36,1,0
BRDA:428,37,0,0
BRDA:428,37,1,0
BRDA:441,38,0,0
BRDA:441,38,1,0
BRDA:448,39,0,0
BRDA:448,39,1,0
BRDA:455,40,0,0
BRDA:455,40,1,0
BRDA:480,41,0,0
BRDA:480,41,1,0
BRDA:480,42,0,0
BRDA:480,42,1,0
BRDA:482,43,0,0
BRDA:482,43,1,0
BRDA:492,44,0,0
BRDA:492,44,1,0
BRDA:503,45,0,0
BRDA:503,45,1,0
BRDA:509,46,0,0
BRDA:509,46,1,0
BRDA:515,47,0,0
BRDA:515,47,1,0
BRDA:521,48,0,0
BRDA:521,48,1,0
BRDA:527,49,0,0
BRDA:527,49,1,0
BRDA:535,50,0,0
BRDA:535,50,1,0
BRDA:539,51,0,0
BRDA:539,51,1,0
BRDA:549,52,0,0
BRDA:549,52,1,0
BRDA:569,53,0,0
BRDA:569,53,1,0
BRDA:598,54,0,0
BRDA:598,54,1,0
BRDA:617,55,0,0
BRDA:617,55,1,0
BRDA:649,56,0,0
BRDA:649,56,1,0
BRF:115
BRH:0
end_of_record
TN:
SF:supabase-integration.js
FN:3,(anonymous_0)
FN:15,(anonymous_1)
FN:20,(anonymous_2)
FN:26,(anonymous_3)
FN:44,(anonymous_4)
FN:48,(anonymous_5)
FN:53,(anonymous_6)
FN:84,(anonymous_7)
FN:107,(anonymous_8)
FN:125,(anonymous_9)
FN:158,(anonymous_10)
FN:179,(anonymous_11)
FN:184,(anonymous_12)
FN:199,(anonymous_13)
FN:201,(anonymous_14)
FN:206,(anonymous_15)
FN:217,(anonymous_16)
FN:238,(anonymous_17)
FN:245,(anonymous_18)
FN:274,(anonymous_19)
FN:285,(anonymous_20)
FN:308,(anonymous_21)
FN:341,(anonymous_22)
FN:348,(anonymous_23)
FN:367,(anonymous_24)
FN:385,(anonymous_25)
FN:387,(anonymous_26)
FN:400,(anonymous_27)
FN:412,(anonymous_28)
FNF:29
FNH:0
FNDA:0,(anonymous_0)
FNDA:0,(anonymous_1)
FNDA:0,(anonymous_2)
FNDA:0,(anonymous_3)
FNDA:0,(anonymous_4)
FNDA:0,(anonymous_5)
FNDA:0,(anonymous_6)
FNDA:0,(anonymous_7)
FNDA:0,(anonymous_8)
FNDA:0,(anonymous_9)
FNDA:0,(anonymous_10)
FNDA:0,(anonymous_11)
FNDA:0,(anonymous_12)
FNDA:0,(anonymous_13)
FNDA:0,(anonymous_14)
FNDA:0,(anonymous_15)
FNDA:0,(anonymous_16)
FNDA:0,(anonymous_17)
FNDA:0,(anonymous_18)
FNDA:0,(anonymous_19)
FNDA:0,(anonymous_20)
FNDA:0,(anonymous_21)
FNDA:0,(anonymous_22)
FNDA:0,(anonymous_23)
FNDA:0,(anonymous_24)
FNDA:0,(anonymous_25)
FNDA:0,(anonymous_26)
FNDA:0,(anonymous_27)
FNDA:0,(anonymous_28)
DA:4,0
DA:5,0
DA:6,0
DA:9,0
DA:12,0
DA:15,0
DA:16,0
DA:17,0
DA:20,0
DA:21,0
DA:27,0
DA:33,0
DA:34,0
DA:38,0
DA:40,0
DA:44,0
DA:49,0
DA:54,0
DA:56,0
DA:59,0
DA:60,0
DA:61,0
DA:65,0
DA:66,0
DA:67,0
DA:68,0
DA:70,0
DA:72,0
DA:74,0
DA:75,0
DA:76,0
DA:77,0
DA:79,0
DA:85,0
DA:86,0
DA:94,0
DA:95,0
DA:98,0
DA:100,0
DA:101,0
DA:108,0
DA:109,0
DA:110,0
DA:113,0
DA:116,0
DA:118,0
DA:120,0
DA:121,0
DA:127,0
DA:128,0
DA:131,0
DA:138,0
DA:139,0
DA:140,0
DA:143,0
DA:149,0
DA:151,0
DA:153,0
DA:154,0
DA:159,0
DA:160,0
DA:161,0
DA:164,0
DA:169,0
DA:171,0
DA:173,0
DA:174,0
DA:180,0
DA:181,0
DA:185,0
DA:186,0
DA:193,0
DA:194,0
DA:196,0
DA:200,0
DA:201,0
DA:202,0
DA:203,0
DA:207,0
DA:208,0
DA:209,0
DA:211,0
DA:218,0
DA:219,0
DA:220,0
DA:223,0
DA:226,0
DA:228,0
DA:230,0
DA:234,0
DA:239,0
DA:240,0
DA:247,0
DA:248,0
DA:251,0
DA:258,0
DA:259,0
DA:260,0
DA:261,0
DA:264,0
DA:269,0
DA:270,0
DA:275,0
DA:276,0
DA:280,0
DA:286,0
DA:288,0
DA:289,0
DA:292,0
DA:293,0
DA:296,0
DA:299,0
DA:301,0
DA:303,0
DA:304,0
DA:310,0
DA:311,0
DA:314,0
DA:319,0
DA:320,0
DA:321,0
DA:322,0
DA:325,0
DA:331,0
DA:333,0
DA:335,0
DA:336,0
DA:337,0
DA:342,0
DA:343,0
DA:349,0
DA:351,0
DA:353,0
DA:356,0
DA:359,0
DA:361,0
DA:363,0
DA:368,0
DA:370,0
DA:371,0
DA:372,0
DA:377,0
DA:382,0
DA:386,0
DA:387,0
DA:389,0
DA:390,0
DA:391,0
DA:393,0
DA:401,0
DA:402,0
DA:403,0
DA:404,0
DA:406,0
DA:413,0
DA:414,0
DA:415,0
DA:418,0
DA:419,0
DA:421,0
DA:422,0
DA:428,0
DA:431,0
LF:163
LH:0
BRDA:27,0,0,0
BRDA:27,0,1,0
BRDA:28,1,0,0
BRDA:28,1,1,0
BRDA:28,1,2,0
BRDA:28,1,3,0
BRDA:56,2,0,0
BRDA:56,2,1,0
BRDA:56,3,0,0
BRDA:56,3,1,0
BRDA:60,4,0,0
BRDA:60,4,1,0
BRDA:60,5,0,0
BRDA:60,5,1,0
BRDA:66,6,0,0
BRDA:66,6,1,0
BRDA:75,7,0,0
BRDA:75,7,1,0
BRDA:84,8,0,0
BRDA:94,9,0,0
BRDA:94,9,1,0
BRDA:109,10,0,0
BRDA:109,10,1,0
BRDA:127,11,0,0
BRDA:127,11,1,0
BRDA:139,12,0,0
BRDA:139,12,1,0
BRDA:160,13,0,0
BRDA:160,13,1,0
BRDA:181,14,0,0
BRDA:181,14,1,0
BRDA:219,15,0,0
BRDA:219,15,1,0
BRDA:240,16,0,0
BRDA:240,16,1,0
BRDA:247,17,0,0
BRDA:247,17,1,0
BRDA:259,18,0,0
BRDA:259,18,1,0
BRDA:275,19,0,0
BRDA:275,19,1,0
BRDA:288,20,0,0
BRDA:288,20,1,0
BRDA:292,21,0,0
BRDA:292,21,1,0
BRDA:310,22,0,0
BRDA:310,22,1,0
BRDA:320,23,0,0
BRDA:320,23,1,0
BRDA:343,24,0,0
BRDA:343,24,1,0
BRDA:368,25,0,0
BRDA:368,25,1,0
BRDA:414,26,0,0
BRDA:414,26,1,0
BRF:55
BRH:0
end_of_record
TN:
SF:sw.js
FN:18,(anonymous_0)
FN:19,(anonymous_1)
FN:22,(anonymous_2)
FN:24,(anonymous_3)
FN:28,(anonymous_4)
FN:33,(anonymous_5)
FNF:6
FNH:0
FNDA:0,(anonymous_0)
FNDA:0,(anonymous_1)
FNDA:0,(anonymous_2)
FNDA:0,(anonymous_3)
FNDA:0,(anonymous_4)
FNDA:0,(anonymous_5)
DA:1,0
DA:2,0
DA:18,0
DA:19,0
DA:22,0
DA:23,0
DA:25,0
DA:26,0
DA:28,0
DA:29,0
DA:30,0
DA:32,0
DA:33,0
DA:34,0
DA:36,0
LF:15
LH:0
BRDA:25,0,0,0
BRDA:25,0,1,0
BRDA:29,1,0,0
BRDA:29,1,1,0
BRDA:29,2,0,0
BRDA:29,2,1,0
BRDA:29,2,2,0
BRF:7
BRH:0
end_of_record
TN:
SF:user-profile.js
FN:7,(anonymous_0)
FN:21,(anonymous_1)
FN:32,(anonymous_2)
FN:34,(anonymous_3)
FN:43,(anonymous_4)
FN:47,(anonymous_5)
FN:50,(anonymous_6)
FN:57,(anonymous_7)
FN:64,(anonymous_8)
FN:70,(anonymous_9)
FN:99,(anonymous_10)
FN:115,(anonymous_11)
FN:139,(anonymous_12)
FN:180,(anonymous_13)
FN:188,(anonymous_14)
FN:201,(anonymous_15)
FN:211,(anonymous_16)
FN:220,(anonymous_17)
FN:229,(anonymous_18)
FN:248,(anonymous_19)
FN:265,(anonymous_20)
FN:274,(anonymous_21)
FN:290,(anonymous_22)
FN:298,(anonymous_23)
FN:306,(anonymous_24)
FNF:25
FNH:0
FNDA:0,(anonymous_0)
FNDA:0,(anonymous_1)
FNDA:0,(anonymous_2)
FNDA:0,(anonymous_3)
FNDA:0,(anonymous_4)
FNDA:0,(anonymous_5)
FNDA:0,(anonymous_6)
FNDA:0,(anonymous_7)
FNDA:0,(anonymous_8)
FNDA:0,(anonymous_9)
FNDA:0,(anonymous_10)
FNDA:0,(anonymous_11)
FNDA:0,(anonymous_12)
FNDA:0,(anonymous_13)
FNDA:0,(anonymous_14)
FNDA:0,(anonymous_15)
FNDA:0,(anonymous_16)
FNDA:0,(anonymous_17)
FNDA:0,(anonymous_18)
FNDA:0,(anonymous_19)
FNDA:0,(anonymous_20)
FNDA:0,(anonymous_21)
FNDA:0,(anonymous_22)
FNDA:0,(anonymous_23)
FNDA:0,(anonymous_24)
DA:8,0
DA:9,0
DA:10,0
DA:11,0
DA:12,0
DA:13,0
DA:14,0
DA:15,0
DA:17,0
DA:18,0
DA:23,0
DA:26,0
DA:29,0
DA:33,0
DA:34,0
DA:35,0
DA:36,0
DA:37,0
DA:38,0
DA:43,0
DA:49,0
DA:50,0
DA:51,0
DA:56,0
DA:57,0
DA:58,0
DA:63,0
DA:64,0
DA:65,0
DA:71,0
DA:72,0
DA:73,0
DA:74,0
DA:80,0
DA:82,0
DA:83,0
DA:84,0
DA:85,0
DA:88,0
DA:89,0
DA:91,0
DA:94,0
DA:95,0
DA:100,0
DA:101,0
DA:104,0
DA:107,0
DA:108,0
DA:110,0
DA:111,0
DA:116,0
DA:117,0
DA:118,0
DA:121,0
DA:127,0
DA:128,0
DA:129,0
DA:132,0
DA:134,0
DA:135,0
DA:141,0
DA:142,0
DA:143,0
DA:144,0
DA:148,0
DA:152,0
DA:153,0
DA:157,0
DA:158,0
DA:159,0
DA:163,0
DA:166,0
DA:167,0
DA:168,0
DA:169,0
DA:170,0
DA:172,0
DA:173,0
DA:176,0
DA:181,0
DA:183,0
DA:184,0
DA:189,0
DA:190,0
DA:193,0
DA:194,0
DA:195,0
DA:198,0
DA:202,0
DA:208,0
DA:212,0
DA:213,0
DA:215,0
DA:216,0
DA:221,0
DA:222,0
DA:224,0
DA:225,0
DA:230,0
DA:231,0
DA:234,0
DA:235,0
DA:237,0
DA:238,0
DA:240,0
DA:241,0
DA:243,0
DA:244,0
DA:249,0
DA:250,0
DA:251,0
DA:254,0
DA:256,0
DA:257,0
DA:258,0
DA:259,0
DA:262,0
DA:265,0
DA:266,0
DA:269,0
DA:270,0
DA:276,0
DA:277,0
DA:278,0
DA:282,0
DA:283,0
DA:284,0
DA:287,0
DA:290,0
DA:291,0
DA:292,0
DA:299,0
DA:300,0
DA:306,0
DA:307,0
DA:311,0
DA:312,0
LF:137
LH:0
BRDA:33,0,0,0
BRDA:33,0,1,0
BRDA:35,1,0,0
BRDA:35,1,1,0
BRDA:35,2,0,0
BRDA:35,2,1,0
BRDA:37,3,0,0
BRDA:37,3,1,0
BRDA:49,4,0,0
BRDA:49,4,1,0
BRDA:56,5,0,0
BRDA:56,5,1,0
BRDA:63,6,0,0
BRDA:63,6,1,0
BRDA:72,7,0,0
BRDA:72,7,1,0
BRDA:82,8,0,0
BRDA:82,8,1,0
BRDA:88,9,0,0
BRDA:88,9,1,0
BRDA:88,10,0,0
BRDA:88,10,1,0
BRDA:117,11,0,0
BRDA:117,11,1,0
BRDA:127,12,0,0
BRDA:127,12,1,0
BRDA:148,13,0,0
BRDA:148,13,1,0
BRDA:148,13,2,0
BRDA:148,13,3,0
BRDA:152,14,0,0
BRDA:152,14,1,0
BRDA:157,15,0,0
BRDA:157,15,1,0
BRDA:158,16,0,0
BRDA:158,16,1,0
BRDA:166,17,0,0
BRDA:166,17,1,0
BRDA:168,18,0,0
BRDA:168,18,1,0
BRDA:181,19,0,0
BRDA:181,19,1,0
BRDA:189,20,0,0
BRDA:189,20,1,0
BRDA:194,21,0,0
BRDA:194,21,1,0
BRDA:208,22,0,0
BRDA:208,22,1,0
BRDA:212,23,0,0
BRDA:212,23,1,0
BRDA:215,24,0,0
BRDA:215,24,1,0
BRDA:221,25,0,0
BRDA:221,25,1,0
BRDA:224,26,0,0
BRDA:224,26,1,0
BRDA:234,27,0,0
BRDA:234,27,1,0
BRDA:237,28,0,0
BRDA:237,28,1,0
BRDA:240,29,0,0
BRDA:240,29,1,0
BRDA:243,30,0,0
BRDA:243,30,1,0
BRDA:250,31,0,0
BRDA:250,31,1,0
BRDA:256,32,0,0
BRDA:256,32,1,0
BRDA:274,33,0,0
BRDA:277,34,0,0
BRDA:277,34,1,0
BRDA:291,35,0,0
BRDA:291,35,1,0
BRDA:299,36,0,0
BRDA:299,36,1,0
BRDA:311,37,0,0
BRDA:311,37,1,0
BRDA:311,38,0,0
BRDA:311,38,1,0
BRF:79
BRH:0
end_of_record
